Using pre-set license
Built from '2021.3/release' branch; Version is '2021.3.28f1 (232e59c3f087) revision 2305625'; Using compiler version '192829333'; Build Type 'Release'
OS: 'Windows 10  (10.0.19045) 64bit Professional' Language: 'ko' Physical Memory: 32694 MB
BatchMode: 1, IsHumanControllingUs: 0, StartBugReporterOnCrash: 0, Is64bit: 1, IsPro: 1

COMMAND LINE ARGUMENTS:
C:\Program Files\Unity 2021.3.28f1\Editor\Unity.exe
-adb2
-batchMode
-noUpm
-name
AssetImportWorker0
-projectPath
E:/Unity/UnityGameNet/RockPaperScissors
-logFile
Logs/AssetImportWorker0.log
-srvPort
12900
Successfully changed project path to: E:/Unity/UnityGameNet/RockPaperScissors
E:/Unity/UnityGameNet/RockPaperScissors
[UnityMemory] Configuration Parameters - Can be set up in boot.config
    "memorysetup-bucket-allocator-granularity=16"
    "memorysetup-bucket-allocator-bucket-count=8"
    "memorysetup-bucket-allocator-block-size=33554432"
    "memorysetup-bucket-allocator-block-count=8"
    "memorysetup-main-allocator-block-size=16777216"
    "memorysetup-thread-allocator-block-size=16777216"
    "memorysetup-gfx-main-allocator-block-size=16777216"
    "memorysetup-gfx-thread-allocator-block-size=16777216"
    "memorysetup-cache-allocator-block-size=4194304"
    "memorysetup-typetree-allocator-block-size=2097152"
    "memorysetup-profiler-bucket-allocator-granularity=16"
    "memorysetup-profiler-bucket-allocator-bucket-count=8"
    "memorysetup-profiler-bucket-allocator-block-size=33554432"
    "memorysetup-profiler-bucket-allocator-block-count=8"
    "memorysetup-profiler-allocator-block-size=16777216"
    "memorysetup-profiler-editor-allocator-block-size=1048576"
    "memorysetup-temp-allocator-size-main=16777216"
    "memorysetup-job-temp-allocator-block-size=2097152"
    "memorysetup-job-temp-allocator-block-size-background=1048576"
    "memorysetup-job-temp-allocator-reduction-small-platforms=262144"
    "memorysetup-temp-allocator-size-background-worker=32768"
    "memorysetup-temp-allocator-size-job-worker=262144"
    "memorysetup-temp-allocator-size-preload-manager=33554432"
    "memorysetup-temp-allocator-size-nav-mesh-worker=65536"
    "memorysetup-temp-allocator-size-audio-worker=65536"
    "memorysetup-temp-allocator-size-cloud-worker=32768"
    "memorysetup-temp-allocator-size-gi-baking-worker=262144"
    "memorysetup-temp-allocator-size-gfx=262144"
Player connection [24556] Host "[IP] 192.168.0.12 [Port] 0 [Flags] 2 [Guid] 1093386767 [EditorId] 1093386767 [Version] 1048832 [Id] WindowsEditor(7,DESKTOP-BKRCOFV) [Debug] 1 [PackageName] WindowsEditor [ProjectName] Editor" joined multi-casting on [225.0.0.222:54997]...

Player connection [24556] Host "[IP] 192.168.0.12 [Port] 0 [Flags] 2 [Guid] 1093386767 [EditorId] 1093386767 [Version] 1048832 [Id] WindowsEditor(7,DESKTOP-BKRCOFV) [Debug] 1 [PackageName] WindowsEditor [ProjectName] Editor" joined alternative multi-casting on [225.0.0.222:34997]...

Platform WindowsStandaloneSupport does not support graphics device type 
Refreshing native plugins compatible for Editor in 51.33 ms, found 3 plugins.
Preloading 0 native plugins for Editor in 0.00 ms.
Initialize engine version: 2021.3.28f1 (232e59c3f087)
[Subsystems] Discovering subsystems at path C:/Program Files/Unity 2021.3.28f1/Editor/Data/Resources/UnitySubsystems
[Subsystems] Discovering subsystems at path E:/Unity/UnityGameNet/RockPaperScissors/Assets
GfxDevice: creating device client; threaded=0; jobified=0
Direct3D:
    Version:  Direct3D 11.0 [level 11.1]
    Renderer: NVIDIA GeForce RTX 3070 (ID=0x2484)
    Vendor:   NVIDIA
    VRAM:     8031 MB
    Driver:   31.0.15.3623
Initialize mono
Mono path[0] = 'C:/Program Files/Unity 2021.3.28f1/Editor/Data/Managed'
Mono path[1] = 'C:/Program Files/Unity 2021.3.28f1/Editor/Data/MonoBleedingEdge/lib/mono/unityjit-win32'
Mono config path = 'C:/Program Files/Unity 2021.3.28f1/Editor/Data/MonoBleedingEdge/etc'
Using monoOptions --debugger-agent=transport=dt_socket,embedding=1,server=y,suspend=n,address=127.0.0.1:56424
Begin MonoManager ReloadAssembly
Registering precompiled unity dll's ...
Register platform support module: C:/Program Files/Unity 2021.3.28f1/Editor/Data/PlaybackEngines/WindowsStandaloneSupport/UnityEditor.WindowsStandalone.Extensions.dll
Registered in 0.008839 seconds.
Native extension for WindowsStandalone target not found
Refreshing native plugins compatible for Editor in 47.42 ms, found 3 plugins.
Preloading 0 native plugins for Editor in 0.00 ms.
Mono: successfully reloaded assembly
- Completed reload, in  0.509 seconds
Domain Reload Profiling:
	ReloadAssembly (509ms)
		BeginReloadAssembly (97ms)
			ExecutionOrderSort (0ms)
			DisableScriptedObjects (0ms)
			BackupInstance (0ms)
			ReleaseScriptingObjects (0ms)
			CreateAndSetChildDomain (1ms)
		EndReloadAssembly (324ms)
			LoadAssemblies (94ms)
			RebuildTransferFunctionScriptingTraits (0ms)
			SetupTypeCache (74ms)
			ReleaseScriptCaches (0ms)
			RebuildScriptCaches (19ms)
			SetupLoadedEditorAssemblies (188ms)
				LogAssemblyErrors (0ms)
				InitializePlatformSupportModulesInManaged (7ms)
				SetLoadedEditorAssemblies (0ms)
				RefreshPlugins (47ms)
				BeforeProcessingInitializeOnLoad (1ms)
				ProcessInitializeOnLoadAttributes (87ms)
				ProcessInitializeOnLoadMethodAttributes (45ms)
				AfterProcessingInitializeOnLoad (0ms)
				EditorAssembliesLoaded (0ms)
			ExecutionOrderSort2 (0ms)
			AwakeInstancesAfterBackupRestoration (0ms)
Platform modules already initialized, skipping
Registering precompiled user dll's ...
Registered in 0.006404 seconds.
Begin MonoManager ReloadAssembly
Symbol file LoadedFromMemory doesn't match image E:\Unity\UnityGameNet\RockPaperScissors\Library\PackageCache\com.unity.visualscripting@1.8.0\Editor\VisualScripting.Core\Dependencies\YamlDotNet\Unity.VisualScripting.YamlDotNet.dll
Symbol file LoadedFromMemory doesn't match image E:\Unity\UnityGameNet\RockPaperScissors\Library\PackageCache\com.unity.visualscripting@1.8.0\Editor\VisualScripting.Core\Dependencies\DotNetZip\Unity.VisualScripting.IonicZip.dll
Native extension for WindowsStandalone target not found
Refreshing native plugins compatible for Editor in 0.38 ms, found 3 plugins.
Preloading 0 native plugins for Editor in 0.00 ms.
Mono: successfully reloaded assembly
- Completed reload, in  0.748 seconds
Domain Reload Profiling:
	ReloadAssembly (749ms)
		BeginReloadAssembly (124ms)
			ExecutionOrderSort (0ms)
			DisableScriptedObjects (4ms)
			BackupInstance (0ms)
			ReleaseScriptingObjects (0ms)
			CreateAndSetChildDomain (18ms)
		EndReloadAssembly (537ms)
			LoadAssemblies (96ms)
			RebuildTransferFunctionScriptingTraits (0ms)
			SetupTypeCache (159ms)
			ReleaseScriptCaches (0ms)
			RebuildScriptCaches (33ms)
			SetupLoadedEditorAssemblies (243ms)
				LogAssemblyErrors (0ms)
				InitializePlatformSupportModulesInManaged (5ms)
				SetLoadedEditorAssemblies (0ms)
				RefreshPlugins (0ms)
				BeforeProcessingInitializeOnLoad (61ms)
				ProcessInitializeOnLoadAttributes (148ms)
				ProcessInitializeOnLoadMethodAttributes (15ms)
				AfterProcessingInitializeOnLoad (13ms)
				EditorAssembliesLoaded (0ms)
			ExecutionOrderSort2 (0ms)
			AwakeInstancesAfterBackupRestoration (11ms)
Platform modules already initialized, skipping
========================================================================
Worker process is ready to serve import requests
Platform WindowsStandaloneSupport does not support graphics device type 
Launched and connected shader compiler UnityShaderCompiler.exe after 0.05 seconds
Refreshing native plugins compatible for Editor in 0.44 ms, found 3 plugins.
Preloading 0 native plugins for Editor in 0.00 ms.
Unloading 2942 Unused Serialized files (Serialized files now loaded: 0)
Unloading 21 unused Assets / (46.3 KB). Loaded Objects now: 3405.
Memory consumption went from 103.5 MB to 103.5 MB.
Total: 2.227900 ms (FindLiveObjects: 0.202900 ms CreateObjectMapping: 0.093800 ms MarkObjects: 1.880400 ms  DeleteObjects: 0.050100 ms)

AssetImportParameters requested are different than current active one (requested -> active):
  custom:video-decoder-ogg-theora: a1e56fd34408186e4bbccfd4996cb3dc -> 
  custom:container-muxer-webm: aa71ff27fc2769a1b78a27578f13a17b -> 
  custom:container-demuxer-webm: 4f35f7cbe854078d1ac9338744f61a02 -> 
  custom:video-encoder-webm-vp8: eb34c28f22e8b96e1ab97ce403110664 -> 
  custom:CustomObjectIndexerAttribute: bc11b3a6c3213fcdd17b65e7da85e133 -> 
  custom:audio-encoder-webm-vorbis: bf7c407c2cedff20999df2af8eb42d56 -> 
  custom:framework-win-MediaFoundation: 216162199b28c13a410421893ffa2e32 -> 
  custom:container-demuxer-ogg: 62fdf1f143b41e24485cea50d1cbac27 -> 
  custom:video-decoder-webm-vp8: 9c59270c3fd7afecdb556c50c9e8de78 -> 
  custom:audio-decoder-ogg-vorbis: bf7c407c2cedff20999df2af8eb42d56 -> 
========================================================================
Received Import Request.
  Time since last request: 46611.832425 seconds.
  path: Assets/Effect/pon_star01.tga
  artifactKey: Guid(8f48ffcba617c544ca1c179dbb0d7708) Importer(815301076,1909f56bfc062723c751e8b465ee728b)
Start importing Assets/Effect/pon_star01.tga using Guid(8f48ffcba617c544ca1c179dbb0d7708) Importer(815301076,1909f56bfc062723c751e8b465ee728b)  -> (artifact id: 'f10c4147eb814e6beb6a5d62ecc8872c') in 0.069606 seconds 
========================================================================
Received Import Request.
  Time since last request: 0.000023 seconds.
  path: Assets/Model/daizuya_body_parts_col_eye01.tga
  artifactKey: Guid(1406750f27084bf4f86f63de1f94a727) Importer(815301076,1909f56bfc062723c751e8b465ee728b)
Start importing Assets/Model/daizuya_body_parts_col_eye01.tga using Guid(1406750f27084bf4f86f63de1f94a727) Importer(815301076,1909f56bfc062723c751e8b465ee728b)  -> (artifact id: '8de5f6abc59cdb7d2e9a75fb54e89ccb') in 0.014227 seconds 
========================================================================
Received Import Request.
  Time since last request: 0.000027 seconds.
  path: Assets/Texture/bord_winner.tga
  artifactKey: Guid(1c7a2bf5bde99904e8a874eefe3f2870) Importer(815301076,1909f56bfc062723c751e8b465ee728b)
Start importing Assets/Texture/bord_winner.tga using Guid(1c7a2bf5bde99904e8a874eefe3f2870) Importer(815301076,1909f56bfc062723c751e8b465ee728b)  -> (artifact id: 'dc13723e35a6f72a07bfcb8da9c130ee') in 0.052941 seconds 
========================================================================
Received Import Request.
  Time since last request: 0.000018 seconds.
  path: Assets/Model/daizuya_body_parts_col.tga
  artifactKey: Guid(6d7c795f02171bf4d8fd7fac8138f417) Importer(815301076,1909f56bfc062723c751e8b465ee728b)
Start importing Assets/Model/daizuya_body_parts_col.tga using Guid(6d7c795f02171bf4d8fd7fac8138f417) Importer(815301076,1909f56bfc062723c751e8b465ee728b)  -> (artifact id: 'bc2417ded00abb4332f24b500c437c6a') in 0.011716 seconds 
========================================================================
Received Import Request.
  Time since last request: 0.000015 seconds.
  path: Assets/Texture/jyang_ken_def.tga
  artifactKey: Guid(4910c14906331bc4bb56161b0c929f4c) Importer(815301076,1909f56bfc062723c751e8b465ee728b)
Start importing Assets/Texture/jyang_ken_def.tga using Guid(4910c14906331bc4bb56161b0c929f4c) Importer(815301076,1909f56bfc062723c751e8b465ee728b)  -> (artifact id: '9d4ed80d8e9d162694e8d3b35a7fbb4c') in 0.018225 seconds 
========================================================================
Received Import Request.
  Time since last request: 0.000015 seconds.
  path: Assets/Texture/text_pon.tga
  artifactKey: Guid(60bab8d3d32d69c4487f912346b3d973) Importer(815301076,1909f56bfc062723c751e8b465ee728b)
Start importing Assets/Texture/text_pon.tga using Guid(60bab8d3d32d69c4487f912346b3d973) Importer(815301076,1909f56bfc062723c751e8b465ee728b)  -> (artifact id: 'e857b98be5943cb6936aedc1d5d75072') in 0.017775 seconds 
========================================================================
Received Import Request.
  Time since last request: 0.000016 seconds.
  path: Assets/Texture/text_jyang_ken.tga
  artifactKey: Guid(11ff9be94dd81a046bd068ec0bc9826c) Importer(815301076,1909f56bfc062723c751e8b465ee728b)
Start importing Assets/Texture/text_jyang_ken.tga using Guid(11ff9be94dd81a046bd068ec0bc9826c) Importer(815301076,1909f56bfc062723c751e8b465ee728b)  -> (artifact id: '5a74082b373088112e35294a715a64ae') in 0.017457 seconds 
========================================================================
Received Import Request.
  Time since last request: 0.000018 seconds.
  path: Assets/Sound/tkj_se02.wav
  artifactKey: Guid(af0223a6da3fefe4ea6bedabf928c27c) Importer(815301076,1909f56bfc062723c751e8b465ee728b)
Start importing Assets/Sound/tkj_se02.wav using Guid(af0223a6da3fefe4ea6bedabf928c27c) Importer(815301076,1909f56bfc062723c751e8b465ee728b)  -> (artifact id: '441e41e09edc0733230a33130c473dc9') in 0.076066 seconds 
========================================================================
Received Import Request.
  Time since last request: 0.000017 seconds.
  path: Assets/Effect/kurukuru01.fbx
  artifactKey: Guid(7a4010a3370c24c43b8ffad4788fab99) Importer(815301076,1909f56bfc062723c751e8b465ee728b)
Start importing Assets/Effect/kurukuru01.fbx using Guid(7a4010a3370c24c43b8ffad4788fab99) Importer(815301076,1909f56bfc062723c751e8b465ee728b)  -> (artifact id: '63473884a99c1ef88e047a8c4d254626') in 0.344326 seconds 
========================================================================
Received Import Request.
  Time since last request: 0.000025 seconds.
  path: Assets/Texture/tataite_title_base.tga
  artifactKey: Guid(6852816357a586f46993f04803561a5e) Importer(815301076,1909f56bfc062723c751e8b465ee728b)
Start importing Assets/Texture/tataite_title_base.tga using Guid(6852816357a586f46993f04803561a5e) Importer(815301076,1909f56bfc062723c751e8b465ee728b)  -> (artifact id: '6eee5ac368afd9e1e3c8cc015e8a81e7') in 0.075553 seconds 
========================================================================
Received Import Request.
  Time since last request: 0.000015 seconds.
  path: Assets/Prefab/FinalResultWin.prefab
  artifactKey: Guid(a077e19753257ba46818df2f91294e0d) Importer(815301076,1909f56bfc062723c751e8b465ee728b)
Start importing Assets/Prefab/FinalResultWin.prefab using Guid(a077e19753257ba46818df2f91294e0d) Importer(815301076,1909f56bfc062723c751e8b465ee728b)  -> (artifact id: 'cce90fcb82588ca11b658bc80ed701e9') in 0.037262 seconds 
========================================================================
Received Import Request.
  Time since last request: 0.000017 seconds.
  path: Assets/Model/daizuya_anim_tataite_01.fbx
  artifactKey: Guid(b5e4bd5cbb705be4bb32ff6d943a2cd8) Importer(815301076,1909f56bfc062723c751e8b465ee728b)
Start importing Assets/Model/daizuya_anim_tataite_01.fbx using Guid(b5e4bd5cbb705be4bb32ff6d943a2cd8) Importer(815301076,1909f56bfc062723c751e8b465ee728b)  -> (artifact id: '78df24c38040b96871912301f3ef2795') in 0.101956 seconds 
========================================================================
Received Import Request.
  Time since last request: 0.000022 seconds.
  path: Assets/Prefab/BattleSelect.prefab
  artifactKey: Guid(d62d291c5edf3d846b187a346f891658) Importer(815301076,1909f56bfc062723c751e8b465ee728b)
Start importing Assets/Prefab/BattleSelect.prefab using Guid(d62d291c5edf3d846b187a346f891658) Importer(815301076,1909f56bfc062723c751e8b465ee728b)  -> (artifact id: 'e2a94ced9989a5dec179376ab3d9da24') in 0.022485 seconds 
========================================================================
Received Import Request.
  Time since last request: 0.000025 seconds.
  path: Assets/Sound/tft_se01.wav
  artifactKey: Guid(7fe3d21e13ab7e2408aad635bd01146a) Importer(815301076,1909f56bfc062723c751e8b465ee728b)
Start importing Assets/Sound/tft_se01.wav using Guid(7fe3d21e13ab7e2408aad635bd01146a) Importer(815301076,1909f56bfc062723c751e8b465ee728b)  -> (artifact id: 'a9f959a6c767a74ef1cc19b43a8db5e5') in 0.013149 seconds 
========================================================================
Received Import Request.
  Time since last request: 0.000014 seconds.
  path: Assets/Texture/jyang_ken_choki.tga
  artifactKey: Guid(1529bde0419ae974a8fbecba8213cb59) Importer(815301076,1909f56bfc062723c751e8b465ee728b)
Start importing Assets/Texture/jyang_ken_choki.tga using Guid(1529bde0419ae974a8fbecba8213cb59) Importer(815301076,1909f56bfc062723c751e8b465ee728b)  -> (artifact id: '476b3969fd57731fc14ddb8be9e54915') in 0.015740 seconds 
========================================================================
Received Import Request.
  Time since last request: 0.000014 seconds.
  path: Assets/Prefab/StarEffect.prefab
  artifactKey: Guid(e993abbceb11edc48a207c84ba734de6) Importer(815301076,1909f56bfc062723c751e8b465ee728b)
Start importing Assets/Prefab/StarEffect.prefab using Guid(e993abbceb11edc48a207c84ba734de6) Importer(815301076,1909f56bfc062723c751e8b465ee728b)  -> (artifact id: '83cd47b6bf357303ae454200aa147c56') in 0.031805 seconds 
========================================================================
Received Import Request.
  Time since last request: 0.000015 seconds.
  path: Assets/Prefab/AsciiCharacter.prefab
  artifactKey: Guid(252e11042805291419b34d17b4ebdeaa) Importer(815301076,1909f56bfc062723c751e8b465ee728b)
Start importing Assets/Prefab/AsciiCharacter.prefab using Guid(252e11042805291419b34d17b4ebdeaa) Importer(815301076,1909f56bfc062723c751e8b465ee728b)  -> (artifact id: '9ec8ee8e83c378ecade50f25ecaaaff1') in 0.009242 seconds 
========================================================================
Received Import Request.
  Time since last request: 0.000015 seconds.
  path: Assets/Texture/text_syo.tga
  artifactKey: Guid(c915e806fcdb1514f91c6136d7f8c95c) Importer(815301076,1909f56bfc062723c751e8b465ee728b)
Start importing Assets/Texture/text_syo.tga using Guid(c915e806fcdb1514f91c6136d7f8c95c) Importer(815301076,1909f56bfc062723c751e8b465ee728b)  -> (artifact id: 'cc4ad2c583f5c7de6f946079df8ebaf2') in 0.018053 seconds 
========================================================================
Received Import Request.
  Time since last request: 0.000014 seconds.
  path: Assets/Model/tofuya_face.tga
  artifactKey: Guid(139c2900765eabb40ba474ce4f39fc9e) Importer(815301076,1909f56bfc062723c751e8b465ee728b)
Start importing Assets/Model/tofuya_face.tga using Guid(139c2900765eabb40ba474ce4f39fc9e) Importer(815301076,1909f56bfc062723c751e8b465ee728b)  -> (artifact id: 'dafb0041fef31c4a2e0dc560d367c0bd') in 0.013591 seconds 
========================================================================
Received Import Request.
  Time since last request: 0.000020 seconds.
  path: Assets/Prefab/ShootCall.prefab
  artifactKey: Guid(4a8350b3627ed6d42956a96c5347811b) Importer(815301076,1909f56bfc062723c751e8b465ee728b)
Start importing Assets/Prefab/ShootCall.prefab using Guid(4a8350b3627ed6d42956a96c5347811b) Importer(815301076,1909f56bfc062723c751e8b465ee728b)  -> (artifact id: 'b12ee4d6d6722826d71ca829ba65d7f6') in 0.010859 seconds 
========================================================================
Received Import Request.
  Time since last request: 0.000016 seconds.
  path: Assets/Prefab/text_pon.prefab
  artifactKey: Guid(f9495bd5dae53c14da9969de696438b4) Importer(815301076,1909f56bfc062723c751e8b465ee728b)
Start importing Assets/Prefab/text_pon.prefab using Guid(f9495bd5dae53c14da9969de696438b4) Importer(815301076,1909f56bfc062723c751e8b465ee728b)  -> (artifact id: '1ca6c887c45a96b4adc6f5855fae241b') in 0.010973 seconds 
========================================================================
Received Import Request.
  Time since last request: 0.000017 seconds.
  path: Assets/Prefab/SweatEffect.prefab
  artifactKey: Guid(ec3c9be9ad74c2f4aa2b891e053bd9f3) Importer(815301076,1909f56bfc062723c751e8b465ee728b)
Start importing Assets/Prefab/SweatEffect.prefab using Guid(ec3c9be9ad74c2f4aa2b891e053bd9f3) Importer(815301076,1909f56bfc062723c751e8b465ee728b)  -> (artifact id: '4ff2eda1197a85ad163069332527f28f') in 0.011992 seconds 
========================================================================
Received Import Request.
  Time since last request: 0.000018 seconds.
  path: Assets/Prefab/Score.prefab
  artifactKey: Guid(d057c7ce9e7830340b48a40993d1ad30) Importer(815301076,1909f56bfc062723c751e8b465ee728b)
Start importing Assets/Prefab/Score.prefab using Guid(d057c7ce9e7830340b48a40993d1ad30) Importer(815301076,1909f56bfc062723c751e8b465ee728b)  -> (artifact id: '25eb43bec0c6bf9d3ef28104470108a8') in 0.010369 seconds 
========================================================================
Received Prepare
Platform WindowsStandaloneSupport does not support graphics device type 
Registering precompiled user dll's ...
Registered in 0.006155 seconds.
Begin MonoManager ReloadAssembly
Symbol file LoadedFromMemory doesn't match image E:\Unity\UnityGameNet\RockPaperScissors\Library\PackageCache\com.unity.visualscripting@1.8.0\Editor\VisualScripting.Core\Dependencies\YamlDotNet\Unity.VisualScripting.YamlDotNet.dll
Symbol file LoadedFromMemory doesn't match image E:\Unity\UnityGameNet\RockPaperScissors\Library\PackageCache\com.unity.visualscripting@1.8.0\Editor\VisualScripting.Core\Dependencies\DotNetZip\Unity.VisualScripting.IonicZip.dll
Native extension for WindowsStandalone target not found
Refreshing native plugins compatible for Editor in 0.44 ms, found 3 plugins.
Preloading 0 native plugins for Editor in 0.00 ms.
Mono: successfully reloaded assembly
- Completed reload, in  0.842 seconds
Domain Reload Profiling:
	ReloadAssembly (843ms)
		BeginReloadAssembly (150ms)
			ExecutionOrderSort (0ms)
			DisableScriptedObjects (4ms)
			BackupInstance (0ms)
			ReleaseScriptingObjects (0ms)
			CreateAndSetChildDomain (32ms)
		EndReloadAssembly (597ms)
			LoadAssemblies (108ms)
			RebuildTransferFunctionScriptingTraits (0ms)
			SetupTypeCache (169ms)
			ReleaseScriptCaches (2ms)
			RebuildScriptCaches (40ms)
			SetupLoadedEditorAssemblies (264ms)
				LogAssemblyErrors (0ms)
				InitializePlatformSupportModulesInManaged (6ms)
				SetLoadedEditorAssemblies (0ms)
				RefreshPlugins (1ms)
				BeforeProcessingInitializeOnLoad (68ms)
				ProcessInitializeOnLoadAttributes (157ms)
				ProcessInitializeOnLoadMethodAttributes (16ms)
				AfterProcessingInitializeOnLoad (16ms)
				EditorAssembliesLoaded (0ms)
			ExecutionOrderSort2 (0ms)
			AwakeInstancesAfterBackupRestoration (13ms)
Platform modules already initialized, skipping
Refreshing native plugins compatible for Editor in 1.83 ms, found 3 plugins.
Preloading 0 native plugins for Editor in 0.00 ms.
Unloading 2936 Unused Serialized files (Serialized files now loaded: 0)
Unloading 14 unused Assets / (21.9 KB). Loaded Objects now: 3444.
Memory consumption went from 108.5 MB to 108.5 MB.
Total: 2.139000 ms (FindLiveObjects: 0.191500 ms CreateObjectMapping: 0.081500 ms MarkObjects: 1.849200 ms  DeleteObjects: 0.016000 ms)

AssetImportParameters requested are different than current active one (requested -> active):
  custom:video-decoder-ogg-theora: a1e56fd34408186e4bbccfd4996cb3dc -> 
  custom:container-muxer-webm: aa71ff27fc2769a1b78a27578f13a17b -> 
  custom:container-demuxer-webm: 4f35f7cbe854078d1ac9338744f61a02 -> 
  custom:video-encoder-webm-vp8: eb34c28f22e8b96e1ab97ce403110664 -> 
  custom:CustomObjectIndexerAttribute: bc11b3a6c3213fcdd17b65e7da85e133 -> 
  custom:audio-encoder-webm-vorbis: bf7c407c2cedff20999df2af8eb42d56 -> 
  custom:framework-win-MediaFoundation: 216162199b28c13a410421893ffa2e32 -> 
  custom:container-demuxer-ogg: 62fdf1f143b41e24485cea50d1cbac27 -> 
  custom:video-decoder-webm-vp8: 9c59270c3fd7afecdb556c50c9e8de78 -> 
  custom:audio-decoder-ogg-vorbis: bf7c407c2cedff20999df2af8eb42d56 -> 
========================================================================
Received Prepare
Platform WindowsStandaloneSupport does not support graphics device type 
Registering precompiled user dll's ...
Registered in 0.005598 seconds.
Begin MonoManager ReloadAssembly
Symbol file LoadedFromMemory doesn't match image E:\Unity\UnityGameNet\RockPaperScissors\Library\PackageCache\com.unity.visualscripting@1.8.0\Editor\VisualScripting.Core\Dependencies\YamlDotNet\Unity.VisualScripting.YamlDotNet.dll
Symbol file LoadedFromMemory doesn't match image E:\Unity\UnityGameNet\RockPaperScissors\Library\PackageCache\com.unity.visualscripting@1.8.0\Editor\VisualScripting.Core\Dependencies\DotNetZip\Unity.VisualScripting.IonicZip.dll
Native extension for WindowsStandalone target not found
Refreshing native plugins compatible for Editor in 0.41 ms, found 3 plugins.
Preloading 0 native plugins for Editor in 0.00 ms.
Mono: successfully reloaded assembly
- Completed reload, in  0.829 seconds
Domain Reload Profiling:
	ReloadAssembly (830ms)
		BeginReloadAssembly (147ms)
			ExecutionOrderSort (0ms)
			DisableScriptedObjects (5ms)
			BackupInstance (0ms)
			ReleaseScriptingObjects (0ms)
			CreateAndSetChildDomain (27ms)
		EndReloadAssembly (592ms)
			LoadAssemblies (108ms)
			RebuildTransferFunctionScriptingTraits (0ms)
			SetupTypeCache (166ms)
			ReleaseScriptCaches (2ms)
			RebuildScriptCaches (42ms)
			SetupLoadedEditorAssemblies (267ms)
				LogAssemblyErrors (0ms)
				InitializePlatformSupportModulesInManaged (6ms)
				SetLoadedEditorAssemblies (0ms)
				RefreshPlugins (0ms)
				BeforeProcessingInitializeOnLoad (79ms)
				ProcessInitializeOnLoadAttributes (150ms)
				ProcessInitializeOnLoadMethodAttributes (18ms)
				AfterProcessingInitializeOnLoad (14ms)
				EditorAssembliesLoaded (0ms)
			ExecutionOrderSort2 (0ms)
			AwakeInstancesAfterBackupRestoration (12ms)
Platform modules already initialized, skipping
Refreshing native plugins compatible for Editor in 1.86 ms, found 3 plugins.
Preloading 0 native plugins for Editor in 0.00 ms.
Unloading 2936 Unused Serialized files (Serialized files now loaded: 0)
Unloading 14 unused Assets / (21.9 KB). Loaded Objects now: 3447.
Memory consumption went from 108.5 MB to 108.5 MB.
Total: 2.168000 ms (FindLiveObjects: 0.211800 ms CreateObjectMapping: 0.083900 ms MarkObjects: 1.856400 ms  DeleteObjects: 0.015200 ms)

AssetImportParameters requested are different than current active one (requested -> active):
  custom:video-decoder-ogg-theora: a1e56fd34408186e4bbccfd4996cb3dc -> 
  custom:container-muxer-webm: aa71ff27fc2769a1b78a27578f13a17b -> 
  custom:container-demuxer-webm: 4f35f7cbe854078d1ac9338744f61a02 -> 
  custom:video-encoder-webm-vp8: eb34c28f22e8b96e1ab97ce403110664 -> 
  custom:CustomObjectIndexerAttribute: bc11b3a6c3213fcdd17b65e7da85e133 -> 
  custom:audio-encoder-webm-vorbis: bf7c407c2cedff20999df2af8eb42d56 -> 
  custom:framework-win-MediaFoundation: 216162199b28c13a410421893ffa2e32 -> 
  custom:container-demuxer-ogg: 62fdf1f143b41e24485cea50d1cbac27 -> 
  custom:video-decoder-webm-vp8: 9c59270c3fd7afecdb556c50c9e8de78 -> 
  custom:audio-decoder-ogg-vorbis: bf7c407c2cedff20999df2af8eb42d56 -> 
========================================================================
Received Prepare
Platform WindowsStandaloneSupport does not support graphics device type 
Registering precompiled user dll's ...
Registered in 0.006208 seconds.
Begin MonoManager ReloadAssembly
Symbol file LoadedFromMemory doesn't match image E:\Unity\UnityGameNet\RockPaperScissors\Library\PackageCache\com.unity.visualscripting@1.8.0\Editor\VisualScripting.Core\Dependencies\YamlDotNet\Unity.VisualScripting.YamlDotNet.dll
Symbol file LoadedFromMemory doesn't match image E:\Unity\UnityGameNet\RockPaperScissors\Library\PackageCache\com.unity.visualscripting@1.8.0\Editor\VisualScripting.Core\Dependencies\DotNetZip\Unity.VisualScripting.IonicZip.dll
Native extension for WindowsStandalone target not found
Refreshing native plugins compatible for Editor in 0.60 ms, found 3 plugins.
Preloading 0 native plugins for Editor in 0.00 ms.
Mono: successfully reloaded assembly
- Completed reload, in  0.974 seconds
Domain Reload Profiling:
	ReloadAssembly (975ms)
		BeginReloadAssembly (161ms)
			ExecutionOrderSort (0ms)
			DisableScriptedObjects (6ms)
			BackupInstance (0ms)
			ReleaseScriptingObjects (0ms)
			CreateAndSetChildDomain (32ms)
		EndReloadAssembly (712ms)
			LoadAssemblies (115ms)
			RebuildTransferFunctionScriptingTraits (0ms)
			SetupTypeCache (201ms)
			ReleaseScriptCaches (2ms)
			RebuildScriptCaches (54ms)
			SetupLoadedEditorAssemblies (315ms)
				LogAssemblyErrors (0ms)
				InitializePlatformSupportModulesInManaged (7ms)
				SetLoadedEditorAssemblies (1ms)
				RefreshPlugins (1ms)
				BeforeProcessingInitializeOnLoad (91ms)
				ProcessInitializeOnLoadAttributes (180ms)
				ProcessInitializeOnLoadMethodAttributes (19ms)
				AfterProcessingInitializeOnLoad (16ms)
				EditorAssembliesLoaded (0ms)
			ExecutionOrderSort2 (0ms)
			AwakeInstancesAfterBackupRestoration (14ms)
Platform modules already initialized, skipping
Refreshing native plugins compatible for Editor in 2.11 ms, found 3 plugins.
Preloading 0 native plugins for Editor in 0.00 ms.
Unloading 2936 Unused Serialized files (Serialized files now loaded: 0)
Unloading 14 unused Assets / (22.0 KB). Loaded Objects now: 3450.
Memory consumption went from 108.5 MB to 108.5 MB.
Total: 2.894600 ms (FindLiveObjects: 0.304800 ms CreateObjectMapping: 0.087900 ms MarkObjects: 2.471200 ms  DeleteObjects: 0.022400 ms)

AssetImportParameters requested are different than current active one (requested -> active):
  custom:video-decoder-ogg-theora: a1e56fd34408186e4bbccfd4996cb3dc -> 
  custom:container-muxer-webm: aa71ff27fc2769a1b78a27578f13a17b -> 
  custom:container-demuxer-webm: 4f35f7cbe854078d1ac9338744f61a02 -> 
  custom:video-encoder-webm-vp8: eb34c28f22e8b96e1ab97ce403110664 -> 
  custom:CustomObjectIndexerAttribute: bc11b3a6c3213fcdd17b65e7da85e133 -> 
  custom:audio-encoder-webm-vorbis: bf7c407c2cedff20999df2af8eb42d56 -> 
  custom:framework-win-MediaFoundation: 216162199b28c13a410421893ffa2e32 -> 
  custom:container-demuxer-ogg: 62fdf1f143b41e24485cea50d1cbac27 -> 
  custom:video-decoder-webm-vp8: 9c59270c3fd7afecdb556c50c9e8de78 -> 
  custom:audio-decoder-ogg-vorbis: bf7c407c2cedff20999df2af8eb42d56 -> 
========================================================================
Received Prepare
Platform WindowsStandaloneSupport does not support graphics device type 
Registering precompiled user dll's ...
Registered in 0.005220 seconds.
