Using pre-set license
Built from '2021.3/release' branch; Version is '2021.3.28f1 (232e59c3f087) revision 2305625'; Using compiler version '192829333'; Build Type 'Release'
OS: 'Windows 10  (10.0.19045) 64bit Professional' Language: 'ko' Physical Memory: 32694 MB
BatchMode: 1, IsHumanControllingUs: 0, StartBugReporterOnCrash: 0, Is64bit: 1, IsPro: 1

COMMAND LINE ARGUMENTS:
C:\Program Files\Unity 2021.3.28f1\Editor\Unity.exe
-adb2
-batchMode
-noUpm
-name
AssetImportWorker1
-projectPath
E:/Unity/UnityGameNet/RockPaperScissors
-logFile
Logs/AssetImportWorker1.log
-srvPort
12900
Successfully changed project path to: E:/Unity/UnityGameNet/RockPaperScissors
E:/Unity/UnityGameNet/RockPaperScissors
[UnityMemory] Configuration Parameters - Can be set up in boot.config
    "memorysetup-bucket-allocator-granularity=16"
    "memorysetup-bucket-allocator-bucket-count=8"
    "memorysetup-bucket-allocator-block-size=33554432"
    "memorysetup-bucket-allocator-block-count=8"
    "memorysetup-main-allocator-block-size=16777216"
    "memorysetup-thread-allocator-block-size=16777216"
    "memorysetup-gfx-main-allocator-block-size=16777216"
    "memorysetup-gfx-thread-allocator-block-size=16777216"
    "memorysetup-cache-allocator-block-size=4194304"
    "memorysetup-typetree-allocator-block-size=2097152"
    "memorysetup-profiler-bucket-allocator-granularity=16"
    "memorysetup-profiler-bucket-allocator-bucket-count=8"
    "memorysetup-profiler-bucket-allocator-block-size=33554432"
    "memorysetup-profiler-bucket-allocator-block-count=8"
    "memorysetup-profiler-allocator-block-size=16777216"
    "memorysetup-profiler-editor-allocator-block-size=1048576"
    "memorysetup-temp-allocator-size-main=16777216"
    "memorysetup-job-temp-allocator-block-size=2097152"
    "memorysetup-job-temp-allocator-block-size-background=1048576"
    "memorysetup-job-temp-allocator-reduction-small-platforms=262144"
    "memorysetup-temp-allocator-size-background-worker=32768"
    "memorysetup-temp-allocator-size-job-worker=262144"
    "memorysetup-temp-allocator-size-preload-manager=33554432"
    "memorysetup-temp-allocator-size-nav-mesh-worker=65536"
    "memorysetup-temp-allocator-size-audio-worker=65536"
    "memorysetup-temp-allocator-size-cloud-worker=32768"
    "memorysetup-temp-allocator-size-gi-baking-worker=262144"
    "memorysetup-temp-allocator-size-gfx=262144"
Player connection [1624] Host "[IP] 192.168.0.12 [Port] 0 [Flags] 2 [Guid] 312023488 [EditorId] 312023488 [Version] 1048832 [Id] WindowsEditor(7,DESKTOP-BKRCOFV) [Debug] 1 [PackageName] WindowsEditor [ProjectName] Editor" joined multi-casting on [225.0.0.222:54997]...

Player connection [1624] Host "[IP] 192.168.0.12 [Port] 0 [Flags] 2 [Guid] 312023488 [EditorId] 312023488 [Version] 1048832 [Id] WindowsEditor(7,DESKTOP-BKRCOFV) [Debug] 1 [PackageName] WindowsEditor [ProjectName] Editor" joined alternative multi-casting on [225.0.0.222:34997]...

Platform WindowsStandaloneSupport does not support graphics device type 
Refreshing native plugins compatible for Editor in 51.03 ms, found 3 plugins.
Preloading 0 native plugins for Editor in 0.00 ms.
Initialize engine version: 2021.3.28f1 (232e59c3f087)
[Subsystems] Discovering subsystems at path C:/Program Files/Unity 2021.3.28f1/Editor/Data/Resources/UnitySubsystems
[Subsystems] Discovering subsystems at path E:/Unity/UnityGameNet/RockPaperScissors/Assets
GfxDevice: creating device client; threaded=0; jobified=0
Direct3D:
    Version:  Direct3D 11.0 [level 11.1]
    Renderer: NVIDIA GeForce RTX 3070 (ID=0x2484)
    Vendor:   NVIDIA
    VRAM:     8031 MB
    Driver:   31.0.15.3623
Initialize mono
Mono path[0] = 'C:/Program Files/Unity 2021.3.28f1/Editor/Data/Managed'
Mono path[1] = 'C:/Program Files/Unity 2021.3.28f1/Editor/Data/MonoBleedingEdge/lib/mono/unityjit-win32'
Mono config path = 'C:/Program Files/Unity 2021.3.28f1/Editor/Data/MonoBleedingEdge/etc'
Using monoOptions --debugger-agent=transport=dt_socket,embedding=1,server=y,suspend=n,address=127.0.0.1:56180
Begin MonoManager ReloadAssembly
Registering precompiled unity dll's ...
Register platform support module: C:/Program Files/Unity 2021.3.28f1/Editor/Data/PlaybackEngines/WindowsStandaloneSupport/UnityEditor.WindowsStandalone.Extensions.dll
Registered in 0.008641 seconds.
Native extension for WindowsStandalone target not found
Refreshing native plugins compatible for Editor in 47.21 ms, found 3 plugins.
Preloading 0 native plugins for Editor in 0.00 ms.
Mono: successfully reloaded assembly
- Completed reload, in  0.505 seconds
Domain Reload Profiling:
	ReloadAssembly (505ms)
		BeginReloadAssembly (93ms)
			ExecutionOrderSort (0ms)
			DisableScriptedObjects (0ms)
			BackupInstance (0ms)
			ReleaseScriptingObjects (0ms)
			CreateAndSetChildDomain (0ms)
		EndReloadAssembly (325ms)
			LoadAssemblies (90ms)
			RebuildTransferFunctionScriptingTraits (0ms)
			SetupTypeCache (76ms)
			ReleaseScriptCaches (0ms)
			RebuildScriptCaches (23ms)
			SetupLoadedEditorAssemblies (185ms)
				LogAssemblyErrors (0ms)
				InitializePlatformSupportModulesInManaged (7ms)
				SetLoadedEditorAssemblies (0ms)
				RefreshPlugins (47ms)
				BeforeProcessingInitializeOnLoad (1ms)
				ProcessInitializeOnLoadAttributes (89ms)
				ProcessInitializeOnLoadMethodAttributes (40ms)
				AfterProcessingInitializeOnLoad (0ms)
				EditorAssembliesLoaded (0ms)
			ExecutionOrderSort2 (0ms)
			AwakeInstancesAfterBackupRestoration (0ms)
Platform modules already initialized, skipping
Registering precompiled user dll's ...
Registered in 0.006389 seconds.
Begin MonoManager ReloadAssembly
Symbol file LoadedFromMemory doesn't match image E:\Unity\UnityGameNet\RockPaperScissors\Library\PackageCache\com.unity.visualscripting@1.8.0\Editor\VisualScripting.Core\Dependencies\YamlDotNet\Unity.VisualScripting.YamlDotNet.dll
Symbol file LoadedFromMemory doesn't match image E:\Unity\UnityGameNet\RockPaperScissors\Library\PackageCache\com.unity.visualscripting@1.8.0\Editor\VisualScripting.Core\Dependencies\DotNetZip\Unity.VisualScripting.IonicZip.dll
Native extension for WindowsStandalone target not found
Refreshing native plugins compatible for Editor in 0.42 ms, found 3 plugins.
Preloading 0 native plugins for Editor in 0.00 ms.
Mono: successfully reloaded assembly
- Completed reload, in  0.751 seconds
Domain Reload Profiling:
	ReloadAssembly (752ms)
		BeginReloadAssembly (127ms)
			ExecutionOrderSort (0ms)
			DisableScriptedObjects (5ms)
			BackupInstance (0ms)
			ReleaseScriptingObjects (0ms)
			CreateAndSetChildDomain (18ms)
		EndReloadAssembly (537ms)
			LoadAssemblies (99ms)
			RebuildTransferFunctionScriptingTraits (0ms)
			SetupTypeCache (154ms)
			ReleaseScriptCaches (1ms)
			RebuildScriptCaches (34ms)
			SetupLoadedEditorAssemblies (248ms)
				LogAssemblyErrors (0ms)
				InitializePlatformSupportModulesInManaged (5ms)
				SetLoadedEditorAssemblies (0ms)
				RefreshPlugins (0ms)
				BeforeProcessingInitializeOnLoad (63ms)
				ProcessInitializeOnLoadAttributes (151ms)
				ProcessInitializeOnLoadMethodAttributes (15ms)
				AfterProcessingInitializeOnLoad (13ms)
				EditorAssembliesLoaded (0ms)
			ExecutionOrderSort2 (0ms)
			AwakeInstancesAfterBackupRestoration (11ms)
Platform modules already initialized, skipping
========================================================================
Worker process is ready to serve import requests
Platform WindowsStandaloneSupport does not support graphics device type 
Launched and connected shader compiler UnityShaderCompiler.exe after 0.05 seconds
Refreshing native plugins compatible for Editor in 0.71 ms, found 3 plugins.
Preloading 0 native plugins for Editor in 0.00 ms.
Unloading 2942 Unused Serialized files (Serialized files now loaded: 0)
Unloading 21 unused Assets / (46.3 KB). Loaded Objects now: 3405.
Memory consumption went from 103.5 MB to 103.5 MB.
Total: 2.330600 ms (FindLiveObjects: 0.210600 ms CreateObjectMapping: 0.095000 ms MarkObjects: 1.975500 ms  DeleteObjects: 0.048700 ms)

AssetImportParameters requested are different than current active one (requested -> active):
  custom:video-decoder-ogg-theora: a1e56fd34408186e4bbccfd4996cb3dc -> 
  custom:container-muxer-webm: aa71ff27fc2769a1b78a27578f13a17b -> 
  custom:container-demuxer-webm: 4f35f7cbe854078d1ac9338744f61a02 -> 
  custom:video-encoder-webm-vp8: eb34c28f22e8b96e1ab97ce403110664 -> 
  custom:CustomObjectIndexerAttribute: bc11b3a6c3213fcdd17b65e7da85e133 -> 
  custom:audio-encoder-webm-vorbis: bf7c407c2cedff20999df2af8eb42d56 -> 
  custom:framework-win-MediaFoundation: 216162199b28c13a410421893ffa2e32 -> 
  custom:container-demuxer-ogg: 62fdf1f143b41e24485cea50d1cbac27 -> 
  custom:video-decoder-webm-vp8: 9c59270c3fd7afecdb556c50c9e8de78 -> 
  custom:audio-decoder-ogg-vorbis: bf7c407c2cedff20999df2af8eb42d56 -> 
========================================================================
Received Import Request.
  Time since last request: 46611.829236 seconds.
  path: Assets/Effect/kurukuru01.tga
  artifactKey: Guid(5b8727cf932a8ff4883eb964531caf5e) Importer(815301076,1909f56bfc062723c751e8b465ee728b)
Start importing Assets/Effect/kurukuru01.tga using Guid(5b8727cf932a8ff4883eb964531caf5e) Importer(815301076,1909f56bfc062723c751e8b465ee728b)  -> (artifact id: '41c62068075371575f67b52d0fb55c27') in 0.072750 seconds 
========================================================================
Received Import Request.
  Time since last request: 0.000020 seconds.
  path: Assets/Sound/tkj_se05.wav
  artifactKey: Guid(cfb358ee02ec92c4094204e01527883c) Importer(815301076,1909f56bfc062723c751e8b465ee728b)
Start importing Assets/Sound/tkj_se05.wav using Guid(cfb358ee02ec92c4094204e01527883c) Importer(815301076,1909f56bfc062723c751e8b465ee728b)  -> (artifact id: '4903f2160232dd79afceb1b157c13902') in 0.117201 seconds 
========================================================================
Received Import Request.
  Time since last request: 0.000029 seconds.
  path: Assets/Texture/jyang_ken_pa.tga
  artifactKey: Guid(adaabaed32f056d43aa55353678d48c0) Importer(815301076,1909f56bfc062723c751e8b465ee728b)
Start importing Assets/Texture/jyang_ken_pa.tga using Guid(adaabaed32f056d43aa55353678d48c0) Importer(815301076,1909f56bfc062723c751e8b465ee728b)  -> (artifact id: '5c8947338def664836080683fa9d88a7') in 0.026273 seconds 
========================================================================
Received Import Request.
  Time since last request: 0.000016 seconds.
  path: Assets/Texture/bord_looser.tga
  artifactKey: Guid(9b1bbf45a598d16469fc04fc888d265d) Importer(815301076,1909f56bfc062723c751e8b465ee728b)
Start importing Assets/Texture/bord_looser.tga using Guid(9b1bbf45a598d16469fc04fc888d265d) Importer(815301076,1909f56bfc062723c751e8b465ee728b)  -> (artifact id: '4d4bdcce1a94e456ad12d90e63ccf3b5') in 0.021795 seconds 
========================================================================
Received Import Request.
  Time since last request: 0.000015 seconds.
  path: Assets/Prefab/Toufuya.prefab
  artifactKey: Guid(831e447c99dbc054c8583aa751f4994f) Importer(815301076,1909f56bfc062723c751e8b465ee728b)
Start importing Assets/Prefab/Toufuya.prefab using Guid(831e447c99dbc054c8583aa751f4994f) Importer(815301076,1909f56bfc062723c751e8b465ee728b)  -> (artifact id: '90a5aadbbba241638ca0fa3452ccb488') in 0.111630 seconds 
========================================================================
Received Import Request.
  Time since last request: 0.000015 seconds.
  path: Assets/Model/tofuya_body.tga
  artifactKey: Guid(a8100b77ac0b98f41901bec3f85a0621) Importer(815301076,1909f56bfc062723c751e8b465ee728b)
Start importing Assets/Model/tofuya_body.tga using Guid(a8100b77ac0b98f41901bec3f85a0621) Importer(815301076,1909f56bfc062723c751e8b465ee728b)  -> (artifact id: '0c72ebd158bbc1a755926972a44250d7') in 0.014167 seconds 
========================================================================
Received Import Request.
  Time since last request: 0.000016 seconds.
  path: Assets/Sound/ddg_se_player03.wav
  artifactKey: Guid(0326efe00e4671b47972f36f4b2bdf0f) Importer(815301076,1909f56bfc062723c751e8b465ee728b)
Start importing Assets/Sound/ddg_se_player03.wav using Guid(0326efe00e4671b47972f36f4b2bdf0f) Importer(815301076,1909f56bfc062723c751e8b465ee728b)  -> (artifact id: '50212ea52f808a28516ab4ddf1cfe472') in 0.013671 seconds 
========================================================================
Received Import Request.
  Time since last request: 0.000020 seconds.
  path: Assets/BG/tataite_bg.fbx
  artifactKey: Guid(aceb5f8df4504a146b33634ae6a45980) Importer(815301076,1909f56bfc062723c751e8b465ee728b)
Start importing Assets/BG/tataite_bg.fbx using Guid(aceb5f8df4504a146b33634ae6a45980) Importer(815301076,1909f56bfc062723c751e8b465ee728b)  -> (artifact id: 'ea728a1b65c45f75566a6c8e09ef217f') in 0.284282 seconds 
========================================================================
Received Import Request.
  Time since last request: 0.000023 seconds.
  path: Assets/Sound/ddg_se_player01.wav
  artifactKey: Guid(f56d03bdd625a914b9cc25e07093ff19) Importer(815301076,1909f56bfc062723c751e8b465ee728b)
Start importing Assets/Sound/ddg_se_player01.wav using Guid(f56d03bdd625a914b9cc25e07093ff19) Importer(815301076,1909f56bfc062723c751e8b465ee728b)  -> (artifact id: '492e064f3ef3160761944c5035cf5eec') in 0.013561 seconds 
========================================================================
Received Import Request.
  Time since last request: 0.000013 seconds.
  path: Assets/Model/tofuya_hair.tga
  artifactKey: Guid(ee74cdc52ecbf1e489ceff6ff20b6f86) Importer(815301076,1909f56bfc062723c751e8b465ee728b)
Start importing Assets/Model/tofuya_hair.tga using Guid(ee74cdc52ecbf1e489ceff6ff20b6f86) Importer(815301076,1909f56bfc062723c751e8b465ee728b)  -> (artifact id: 'd99449180a585078cc72a45eb750b04e') in 0.014437 seconds 
========================================================================
Received Import Request.
  Time since last request: 0.000014 seconds.
  path: Assets/Prefab/Daizuya.prefab
  artifactKey: Guid(8b4e2f58b8c1e5b41b5ced00c0b0f225) Importer(815301076,1909f56bfc062723c751e8b465ee728b)
Start importing Assets/Prefab/Daizuya.prefab using Guid(8b4e2f58b8c1e5b41b5ced00c0b0f225) Importer(815301076,1909f56bfc062723c751e8b465ee728b)  -> (artifact id: '39fb05d8f86f861ecb65f2b6e5c67a1a') in 0.030272 seconds 
========================================================================
Received Import Request.
  Time since last request: 0.000018 seconds.
  path: Assets/Prefab/ResultScene.prefab
  artifactKey: Guid(87ff1a76cfae6b14a8b77bc64fca8f80) Importer(815301076,1909f56bfc062723c751e8b465ee728b)
Start importing Assets/Prefab/ResultScene.prefab using Guid(87ff1a76cfae6b14a8b77bc64fca8f80) Importer(815301076,1909f56bfc062723c751e8b465ee728b)  -> (artifact id: '3a40c1a3b8100696a8a818c38c50c12e') in 0.014743 seconds 
========================================================================
Received Import Request.
  Time since last request: 0.000018 seconds.
  path: Assets/Sound/smn_se01.wav
  artifactKey: Guid(86359753d52901e42bab363089dee6dc) Importer(815301076,1909f56bfc062723c751e8b465ee728b)
Start importing Assets/Sound/smn_se01.wav using Guid(86359753d52901e42bab363089dee6dc) Importer(815301076,1909f56bfc062723c751e8b465ee728b)  -> (artifact id: '07be20c5cca1c86c6050524ce79ebfef') in 0.012630 seconds 
========================================================================
Received Import Request.
  Time since last request: 0.000016 seconds.
  path: Assets/Model/tofuya_face_eye01.tga
  artifactKey: Guid(20edf698eeb2b7444854fa68b307c135) Importer(815301076,1909f56bfc062723c751e8b465ee728b)
Start importing Assets/Model/tofuya_face_eye01.tga using Guid(20edf698eeb2b7444854fa68b307c135) Importer(815301076,1909f56bfc062723c751e8b465ee728b)  -> (artifact id: '87ac10c384db89f84ec196570ab897af') in 0.012939 seconds 
========================================================================
Received Import Request.
  Time since last request: 0.000022 seconds.
  path: Assets/Sound/fiz_jingle01.wav
  artifactKey: Guid(731589183d78f474ba225a49748f0fd2) Importer(815301076,1909f56bfc062723c751e8b465ee728b)
Start importing Assets/Sound/fiz_jingle01.wav using Guid(731589183d78f474ba225a49748f0fd2) Importer(815301076,1909f56bfc062723c751e8b465ee728b)  -> (artifact id: 'd4d0ef82c926a78c3c82f368973d9dd9') in 0.013430 seconds 
========================================================================
Received Import Request.
  Time since last request: 0.000015 seconds.
  path: Assets/Effect/hit01.tga
  artifactKey: Guid(a24c1b4448a588e49aad48eddabf8b8a) Importer(815301076,1909f56bfc062723c751e8b465ee728b)
Start importing Assets/Effect/hit01.tga using Guid(a24c1b4448a588e49aad48eddabf8b8a) Importer(815301076,1909f56bfc062723c751e8b465ee728b)  -> (artifact id: 'ed3d2fb58220527cb7a34930827b6427') in 0.012402 seconds 
========================================================================
Received Import Request.
  Time since last request: 0.000016 seconds.
  path: Assets/Sound/ddg_se_sys03.wav
  artifactKey: Guid(d4ce3b07462591b49841a904cec5e525) Importer(815301076,1909f56bfc062723c751e8b465ee728b)
Start importing Assets/Sound/ddg_se_sys03.wav using Guid(d4ce3b07462591b49841a904cec5e525) Importer(815301076,1909f56bfc062723c751e8b465ee728b)  -> (artifact id: '65b4aa0c39f813c95dabbf22f4fc37ac') in 0.012678 seconds 
========================================================================
Received Import Request.
  Time since last request: 0.000016 seconds.
  path: Assets/Prefab/FinalResultLose.prefab
  artifactKey: Guid(7e368d145c037124abddd0c0e80dfcad) Importer(815301076,1909f56bfc062723c751e8b465ee728b)
Start importing Assets/Prefab/FinalResultLose.prefab using Guid(7e368d145c037124abddd0c0e80dfcad) Importer(815301076,1909f56bfc062723c751e8b465ee728b)  -> (artifact id: '3c27216abb2152e95d0a14223b9f1ff1') in 0.031745 seconds 
========================================================================
Received Import Request.
  Time since last request: 0.000015 seconds.
  path: Assets/Texture/text_aikode.tga
  artifactKey: Guid(8263f7f676e6bd9409852f59064705c2) Importer(815301076,1909f56bfc062723c751e8b465ee728b)
Start importing Assets/Texture/text_aikode.tga using Guid(8263f7f676e6bd9409852f59064705c2) Importer(815301076,1909f56bfc062723c751e8b465ee728b)  -> (artifact id: '73ba5deb1584836efa34db4d75b9b3c7') in 0.020102 seconds 
========================================================================
Received Import Request.
  Time since last request: 0.000019 seconds.
  path: Assets/Prefab/BackGround.prefab
  artifactKey: Guid(12020c82a2b545342aec2264e5d996cb) Importer(815301076,1909f56bfc062723c751e8b465ee728b)
Start importing Assets/Prefab/BackGround.prefab using Guid(12020c82a2b545342aec2264e5d996cb) Importer(815301076,1909f56bfc062723c751e8b465ee728b)  -> (artifact id: '423b1c826a6cc09be5955dff5849d97c') in 0.018483 seconds 
========================================================================
Received Import Request.
  Time since last request: 0.000023 seconds.
  path: Assets/Effect/hit_01.mat
  artifactKey: Guid(df45dcdab312cae49b2a4214a807c687) Importer(815301076,1909f56bfc062723c751e8b465ee728b)
Start importing Assets/Effect/hit_01.mat using Guid(df45dcdab312cae49b2a4214a807c687) Importer(815301076,1909f56bfc062723c751e8b465ee728b)  -> (artifact id: '028be67254366d3dafc74f813f30c123') in 0.028369 seconds 
========================================================================
Received Import Request.
  Time since last request: 0.000019 seconds.
  path: Assets/Prefab/HitEffect.prefab
  artifactKey: Guid(16208bfcb355c0f4186523539e62eb99) Importer(815301076,1909f56bfc062723c751e8b465ee728b)
Start importing Assets/Prefab/HitEffect.prefab using Guid(16208bfcb355c0f4186523539e62eb99) Importer(815301076,1909f56bfc062723c751e8b465ee728b)  -> (artifact id: '11a767d6d3da1cbd38729f4a96247f4a') in 0.015124 seconds 
========================================================================
Received Import Request.
  Time since last request: 0.000016 seconds.
  path: Assets/Prefab/RPSSelector.prefab
  artifactKey: Guid(50563cc77d98c04458151d3b52afec08) Importer(815301076,1909f56bfc062723c751e8b465ee728b)
Start importing Assets/Prefab/RPSSelector.prefab using Guid(50563cc77d98c04458151d3b52afec08) Importer(815301076,1909f56bfc062723c751e8b465ee728b)  -> (artifact id: 'ce917da0c05870d1ea1b23803e4cc407') in 0.019725 seconds 
========================================================================
Received Import Request.
  Time since last request: 0.000015 seconds.
  path: Assets/Sound/tkj_se06.wav
  artifactKey: Guid(d9ecf32dcb6b65948994b17ece6f69d2) Importer(815301076,1909f56bfc062723c751e8b465ee728b)
Start importing Assets/Sound/tkj_se06.wav using Guid(d9ecf32dcb6b65948994b17ece6f69d2) Importer(815301076,1909f56bfc062723c751e8b465ee728b)  -> (artifact id: 'ae80bec941aa80935dec879de3ce43d0') in 0.012647 seconds 
========================================================================
Received Import Request.
  Time since last request: 0.000016 seconds.
  path: Assets/Prefab/ActionController.prefab
  artifactKey: Guid(b33117e65290c6d4986bdf9ea78823c1) Importer(815301076,1909f56bfc062723c751e8b465ee728b)
Start importing Assets/Prefab/ActionController.prefab using Guid(b33117e65290c6d4986bdf9ea78823c1) Importer(815301076,1909f56bfc062723c751e8b465ee728b)  -> (artifact id: '1bb33e8001a23b2bc2073e455d9ac865') in 0.011251 seconds 
========================================================================
Received Import Request.
  Time since last request: 0.000016 seconds.
  path: Assets/Effect/pon_star_01.mat
  artifactKey: Guid(c90236ab7f7dc6b4d800101d6ec5edd4) Importer(815301076,1909f56bfc062723c751e8b465ee728b)
Start importing Assets/Effect/pon_star_01.mat using Guid(c90236ab7f7dc6b4d800101d6ec5edd4) Importer(815301076,1909f56bfc062723c751e8b465ee728b)  -> (artifact id: 'e81da72f954b8e661a112ec7752b77b9') in 0.013305 seconds 
========================================================================
Received Import Request.
  Time since last request: 0.000015 seconds.
  path: Assets/Effect/sweat01.tga
  artifactKey: Guid(05f5edf80f5f3074ab4a3fd77e738c29) Importer(815301076,1909f56bfc062723c751e8b465ee728b)
Start importing Assets/Effect/sweat01.tga using Guid(05f5edf80f5f3074ab4a3fd77e738c29) Importer(815301076,1909f56bfc062723c751e8b465ee728b)  -> (artifact id: '42b136340eabf6e78eb20a3936c2aea8') in 0.011901 seconds 
========================================================================
Received Prepare
Platform WindowsStandaloneSupport does not support graphics device type 
Registering precompiled user dll's ...
Registered in 0.006116 seconds.
Begin MonoManager ReloadAssembly
Symbol file LoadedFromMemory doesn't match image E:\Unity\UnityGameNet\RockPaperScissors\Library\PackageCache\com.unity.visualscripting@1.8.0\Editor\VisualScripting.Core\Dependencies\YamlDotNet\Unity.VisualScripting.YamlDotNet.dll
Symbol file LoadedFromMemory doesn't match image E:\Unity\UnityGameNet\RockPaperScissors\Library\PackageCache\com.unity.visualscripting@1.8.0\Editor\VisualScripting.Core\Dependencies\DotNetZip\Unity.VisualScripting.IonicZip.dll
Native extension for WindowsStandalone target not found
Refreshing native plugins compatible for Editor in 0.81 ms, found 3 plugins.
Preloading 0 native plugins for Editor in 0.00 ms.
Mono: successfully reloaded assembly
- Completed reload, in  0.827 seconds
Domain Reload Profiling:
	ReloadAssembly (828ms)
		BeginReloadAssembly (154ms)
			ExecutionOrderSort (0ms)
			DisableScriptedObjects (3ms)
			BackupInstance (0ms)
			ReleaseScriptingObjects (0ms)
			CreateAndSetChildDomain (32ms)
		EndReloadAssembly (582ms)
			LoadAssemblies (111ms)
			RebuildTransferFunctionScriptingTraits (0ms)
			SetupTypeCache (169ms)
			ReleaseScriptCaches (2ms)
			RebuildScriptCaches (38ms)
			SetupLoadedEditorAssemblies (262ms)
				LogAssemblyErrors (0ms)
				InitializePlatformSupportModulesInManaged (6ms)
				SetLoadedEditorAssemblies (0ms)
				RefreshPlugins (1ms)
				BeforeProcessingInitializeOnLoad (68ms)
				ProcessInitializeOnLoadAttributes (155ms)
				ProcessInitializeOnLoadMethodAttributes (17ms)
				AfterProcessingInitializeOnLoad (15ms)
				EditorAssembliesLoaded (0ms)
			ExecutionOrderSort2 (0ms)
			AwakeInstancesAfterBackupRestoration (11ms)
Platform modules already initialized, skipping
Refreshing native plugins compatible for Editor in 1.69 ms, found 3 plugins.
Preloading 0 native plugins for Editor in 0.00 ms.
Unloading 2936 Unused Serialized files (Serialized files now loaded: 0)
Unloading 14 unused Assets / (21.9 KB). Loaded Objects now: 3470.
Memory consumption went from 108.7 MB to 108.7 MB.
Total: 2.264100 ms (FindLiveObjects: 0.196300 ms CreateObjectMapping: 0.082400 ms MarkObjects: 1.967900 ms  DeleteObjects: 0.016700 ms)

AssetImportParameters requested are different than current active one (requested -> active):
  custom:video-decoder-ogg-theora: a1e56fd34408186e4bbccfd4996cb3dc -> 
  custom:container-muxer-webm: aa71ff27fc2769a1b78a27578f13a17b -> 
  custom:container-demuxer-webm: 4f35f7cbe854078d1ac9338744f61a02 -> 
  custom:video-encoder-webm-vp8: eb34c28f22e8b96e1ab97ce403110664 -> 
  custom:CustomObjectIndexerAttribute: bc11b3a6c3213fcdd17b65e7da85e133 -> 
  custom:audio-encoder-webm-vorbis: bf7c407c2cedff20999df2af8eb42d56 -> 
  custom:framework-win-MediaFoundation: 216162199b28c13a410421893ffa2e32 -> 
  custom:container-demuxer-ogg: 62fdf1f143b41e24485cea50d1cbac27 -> 
  custom:video-decoder-webm-vp8: 9c59270c3fd7afecdb556c50c9e8de78 -> 
  custom:audio-decoder-ogg-vorbis: bf7c407c2cedff20999df2af8eb42d56 -> 
========================================================================
Received Prepare
Platform WindowsStandaloneSupport does not support graphics device type 
Registering precompiled user dll's ...
Registered in 0.005589 seconds.
Begin MonoManager ReloadAssembly
Symbol file LoadedFromMemory doesn't match image E:\Unity\UnityGameNet\RockPaperScissors\Library\PackageCache\com.unity.visualscripting@1.8.0\Editor\VisualScripting.Core\Dependencies\YamlDotNet\Unity.VisualScripting.YamlDotNet.dll
Symbol file LoadedFromMemory doesn't match image E:\Unity\UnityGameNet\RockPaperScissors\Library\PackageCache\com.unity.visualscripting@1.8.0\Editor\VisualScripting.Core\Dependencies\DotNetZip\Unity.VisualScripting.IonicZip.dll
Native extension for WindowsStandalone target not found
Refreshing native plugins compatible for Editor in 0.52 ms, found 3 plugins.
Preloading 0 native plugins for Editor in 0.00 ms.
Mono: successfully reloaded assembly
- Completed reload, in  0.823 seconds
Domain Reload Profiling:
	ReloadAssembly (824ms)
		BeginReloadAssembly (146ms)
			ExecutionOrderSort (0ms)
			DisableScriptedObjects (5ms)
			BackupInstance (0ms)
			ReleaseScriptingObjects (0ms)
			CreateAndSetChildDomain (27ms)
		EndReloadAssembly (587ms)
			LoadAssemblies (108ms)
			RebuildTransferFunctionScriptingTraits (0ms)
			SetupTypeCache (164ms)
			ReleaseScriptCaches (2ms)
			RebuildScriptCaches (38ms)
			SetupLoadedEditorAssemblies (266ms)
				LogAssemblyErrors (0ms)
				InitializePlatformSupportModulesInManaged (6ms)
				SetLoadedEditorAssemblies (0ms)
				RefreshPlugins (1ms)
				BeforeProcessingInitializeOnLoad (75ms)
				ProcessInitializeOnLoadAttributes (152ms)
				ProcessInitializeOnLoadMethodAttributes (16ms)
				AfterProcessingInitializeOnLoad (16ms)
				EditorAssembliesLoaded (0ms)
			ExecutionOrderSort2 (0ms)
			AwakeInstancesAfterBackupRestoration (12ms)
Platform modules already initialized, skipping
Refreshing native plugins compatible for Editor in 1.77 ms, found 3 plugins.
Preloading 0 native plugins for Editor in 0.00 ms.
Unloading 2936 Unused Serialized files (Serialized files now loaded: 0)
Unloading 14 unused Assets / (22.0 KB). Loaded Objects now: 3473.
Memory consumption went from 108.7 MB to 108.7 MB.
Total: 2.411300 ms (FindLiveObjects: 0.209100 ms CreateObjectMapping: 0.080100 ms MarkObjects: 2.105400 ms  DeleteObjects: 0.015800 ms)

AssetImportParameters requested are different than current active one (requested -> active):
  custom:video-decoder-ogg-theora: a1e56fd34408186e4bbccfd4996cb3dc -> 
  custom:container-muxer-webm: aa71ff27fc2769a1b78a27578f13a17b -> 
  custom:container-demuxer-webm: 4f35f7cbe854078d1ac9338744f61a02 -> 
  custom:video-encoder-webm-vp8: eb34c28f22e8b96e1ab97ce403110664 -> 
  custom:CustomObjectIndexerAttribute: bc11b3a6c3213fcdd17b65e7da85e133 -> 
  custom:audio-encoder-webm-vorbis: bf7c407c2cedff20999df2af8eb42d56 -> 
  custom:framework-win-MediaFoundation: 216162199b28c13a410421893ffa2e32 -> 
  custom:container-demuxer-ogg: 62fdf1f143b41e24485cea50d1cbac27 -> 
  custom:video-decoder-webm-vp8: 9c59270c3fd7afecdb556c50c9e8de78 -> 
  custom:audio-decoder-ogg-vorbis: bf7c407c2cedff20999df2af8eb42d56 -> 
Editor requested this worker to shutdown with reason: Scaling down because of idle timeout
AssetImportWorker is now disconnected from the server
Process exiting
Exiting without the bug reporter. Application will terminate with return code 0