Using pre-set license
Built from '2021.3/release' branch; Version is '2021.3.28f1 (232e59c3f087) revision 2305625'; Using compiler version '192829333'; Build Type 'Release'
OS: 'Windows 10  (10.0.19045) 64bit Professional' Language: 'ko' Physical Memory: 32694 MB
BatchMode: 1, IsHumanControllingUs: 0, StartBugReporterOnCrash: 0, Is64bit: 1, IsPro: 1

COMMAND LINE ARGUMENTS:
C:\Program Files\Unity 2021.3.28f1\Editor\Unity.exe
-adb2
-batchMode
-noUpm
-name
AssetImportWorker2
-projectPath
E:/Unity/UnityGameNet/RockPaperScissors
-logFile
Logs/AssetImportWorker2.log
-srvPort
12900
Successfully changed project path to: E:/Unity/UnityGameNet/RockPaperScissors
E:/Unity/UnityGameNet/RockPaperScissors
[UnityMemory] Configuration Parameters - Can be set up in boot.config
    "memorysetup-bucket-allocator-granularity=16"
    "memorysetup-bucket-allocator-bucket-count=8"
    "memorysetup-bucket-allocator-block-size=33554432"
    "memorysetup-bucket-allocator-block-count=8"
    "memorysetup-main-allocator-block-size=16777216"
    "memorysetup-thread-allocator-block-size=16777216"
    "memorysetup-gfx-main-allocator-block-size=16777216"
    "memorysetup-gfx-thread-allocator-block-size=16777216"
    "memorysetup-cache-allocator-block-size=4194304"
    "memorysetup-typetree-allocator-block-size=2097152"
    "memorysetup-profiler-bucket-allocator-granularity=16"
    "memorysetup-profiler-bucket-allocator-bucket-count=8"
    "memorysetup-profiler-bucket-allocator-block-size=33554432"
    "memorysetup-profiler-bucket-allocator-block-count=8"
    "memorysetup-profiler-allocator-block-size=16777216"
    "memorysetup-profiler-editor-allocator-block-size=1048576"
    "memorysetup-temp-allocator-size-main=16777216"
    "memorysetup-job-temp-allocator-block-size=2097152"
    "memorysetup-job-temp-allocator-block-size-background=1048576"
    "memorysetup-job-temp-allocator-reduction-small-platforms=262144"
    "memorysetup-temp-allocator-size-background-worker=32768"
    "memorysetup-temp-allocator-size-job-worker=262144"
    "memorysetup-temp-allocator-size-preload-manager=33554432"
    "memorysetup-temp-allocator-size-nav-mesh-worker=65536"
    "memorysetup-temp-allocator-size-audio-worker=65536"
    "memorysetup-temp-allocator-size-cloud-worker=32768"
    "memorysetup-temp-allocator-size-gi-baking-worker=262144"
    "memorysetup-temp-allocator-size-gfx=262144"
Player connection [27972] Host "[IP] 192.168.0.12 [Port] 0 [Flags] 2 [Guid] 3597613772 [EditorId] 3597613772 [Version] 1048832 [Id] WindowsEditor(7,DESKTOP-BKRCOFV) [Debug] 1 [PackageName] WindowsEditor [ProjectName] Editor" joined multi-casting on [225.0.0.222:54997]...

Player connection [27972] Host "[IP] 192.168.0.12 [Port] 0 [Flags] 2 [Guid] 3597613772 [EditorId] 3597613772 [Version] 1048832 [Id] WindowsEditor(7,DESKTOP-BKRCOFV) [Debug] 1 [PackageName] WindowsEditor [ProjectName] Editor" joined alternative multi-casting on [225.0.0.222:34997]...

Platform WindowsStandaloneSupport does not support graphics device type 
Refreshing native plugins compatible for Editor in 48.22 ms, found 3 plugins.
Preloading 0 native plugins for Editor in 0.00 ms.
Initialize engine version: 2021.3.28f1 (232e59c3f087)
[Subsystems] Discovering subsystems at path C:/Program Files/Unity 2021.3.28f1/Editor/Data/Resources/UnitySubsystems
[Subsystems] Discovering subsystems at path E:/Unity/UnityGameNet/RockPaperScissors/Assets
GfxDevice: creating device client; threaded=0; jobified=0
Direct3D:
    Version:  Direct3D 11.0 [level 11.1]
    Renderer: NVIDIA GeForce RTX 3070 (ID=0x2484)
    Vendor:   NVIDIA
    VRAM:     8031 MB
    Driver:   31.0.15.3623
Initialize mono
Mono path[0] = 'C:/Program Files/Unity 2021.3.28f1/Editor/Data/Managed'
Mono path[1] = 'C:/Program Files/Unity 2021.3.28f1/Editor/Data/MonoBleedingEdge/lib/mono/unityjit-win32'
Mono config path = 'C:/Program Files/Unity 2021.3.28f1/Editor/Data/MonoBleedingEdge/etc'
Using monoOptions --debugger-agent=transport=dt_socket,embedding=1,server=y,suspend=n,address=127.0.0.1:56660
Begin MonoManager ReloadAssembly
Registering precompiled unity dll's ...
Register platform support module: C:/Program Files/Unity 2021.3.28f1/Editor/Data/PlaybackEngines/WindowsStandaloneSupport/UnityEditor.WindowsStandalone.Extensions.dll
Registered in 0.008471 seconds.
Native extension for WindowsStandalone target not found
Refreshing native plugins compatible for Editor in 46.70 ms, found 3 plugins.
Preloading 0 native plugins for Editor in 0.00 ms.
Mono: successfully reloaded assembly
- Completed reload, in  0.500 seconds
Domain Reload Profiling:
	ReloadAssembly (501ms)
		BeginReloadAssembly (93ms)
			ExecutionOrderSort (0ms)
			DisableScriptedObjects (0ms)
			BackupInstance (0ms)
			ReleaseScriptingObjects (0ms)
			CreateAndSetChildDomain (0ms)
		EndReloadAssembly (322ms)
			LoadAssemblies (90ms)
			RebuildTransferFunctionScriptingTraits (0ms)
			SetupTypeCache (74ms)
			ReleaseScriptCaches (0ms)
			RebuildScriptCaches (19ms)
			SetupLoadedEditorAssemblies (186ms)
				LogAssemblyErrors (0ms)
				InitializePlatformSupportModulesInManaged (7ms)
				SetLoadedEditorAssemblies (0ms)
				RefreshPlugins (47ms)
				BeforeProcessingInitializeOnLoad (1ms)
				ProcessInitializeOnLoadAttributes (86ms)
				ProcessInitializeOnLoadMethodAttributes (45ms)
				AfterProcessingInitializeOnLoad (0ms)
				EditorAssembliesLoaded (0ms)
			ExecutionOrderSort2 (0ms)
			AwakeInstancesAfterBackupRestoration (0ms)
Platform modules already initialized, skipping
Registering precompiled user dll's ...
Registered in 0.006561 seconds.
Begin MonoManager ReloadAssembly
Symbol file LoadedFromMemory doesn't match image E:\Unity\UnityGameNet\RockPaperScissors\Library\PackageCache\com.unity.visualscripting@1.8.0\Editor\VisualScripting.Core\Dependencies\YamlDotNet\Unity.VisualScripting.YamlDotNet.dll
Symbol file LoadedFromMemory doesn't match image E:\Unity\UnityGameNet\RockPaperScissors\Library\PackageCache\com.unity.visualscripting@1.8.0\Editor\VisualScripting.Core\Dependencies\DotNetZip\Unity.VisualScripting.IonicZip.dll
Native extension for WindowsStandalone target not found
Refreshing native plugins compatible for Editor in 0.50 ms, found 3 plugins.
Preloading 0 native plugins for Editor in 0.00 ms.
Mono: successfully reloaded assembly
- Completed reload, in  0.751 seconds
Domain Reload Profiling:
	ReloadAssembly (752ms)
		BeginReloadAssembly (125ms)
			ExecutionOrderSort (0ms)
			DisableScriptedObjects (5ms)
			BackupInstance (0ms)
			ReleaseScriptingObjects (0ms)
			CreateAndSetChildDomain (18ms)
		EndReloadAssembly (538ms)
			LoadAssemblies (99ms)
			RebuildTransferFunctionScriptingTraits (0ms)
			SetupTypeCache (151ms)
			ReleaseScriptCaches (0ms)
			RebuildScriptCaches (33ms)
			SetupLoadedEditorAssemblies (251ms)
				LogAssemblyErrors (0ms)
				InitializePlatformSupportModulesInManaged (5ms)
				SetLoadedEditorAssemblies (0ms)
				RefreshPlugins (1ms)
				BeforeProcessingInitializeOnLoad (63ms)
				ProcessInitializeOnLoadAttributes (154ms)
				ProcessInitializeOnLoadMethodAttributes (15ms)
				AfterProcessingInitializeOnLoad (13ms)
				EditorAssembliesLoaded (0ms)
			ExecutionOrderSort2 (0ms)
			AwakeInstancesAfterBackupRestoration (11ms)
Platform modules already initialized, skipping
========================================================================
Worker process is ready to serve import requests
Platform WindowsStandaloneSupport does not support graphics device type 
Launched and connected shader compiler UnityShaderCompiler.exe after 0.05 seconds
Refreshing native plugins compatible for Editor in 0.83 ms, found 3 plugins.
Preloading 0 native plugins for Editor in 0.00 ms.
Unloading 2942 Unused Serialized files (Serialized files now loaded: 0)
Unloading 21 unused Assets / (46.3 KB). Loaded Objects now: 3405.
Memory consumption went from 103.5 MB to 103.5 MB.
Total: 2.343000 ms (FindLiveObjects: 0.223600 ms CreateObjectMapping: 0.113000 ms MarkObjects: 1.939500 ms  DeleteObjects: 0.065700 ms)

AssetImportParameters requested are different than current active one (requested -> active):
  custom:video-decoder-ogg-theora: a1e56fd34408186e4bbccfd4996cb3dc -> 
  custom:container-muxer-webm: aa71ff27fc2769a1b78a27578f13a17b -> 
  custom:container-demuxer-webm: 4f35f7cbe854078d1ac9338744f61a02 -> 
  custom:video-encoder-webm-vp8: eb34c28f22e8b96e1ab97ce403110664 -> 
  custom:CustomObjectIndexerAttribute: bc11b3a6c3213fcdd17b65e7da85e133 -> 
  custom:audio-encoder-webm-vorbis: bf7c407c2cedff20999df2af8eb42d56 -> 
  custom:framework-win-MediaFoundation: 216162199b28c13a410421893ffa2e32 -> 
  custom:container-demuxer-ogg: 62fdf1f143b41e24485cea50d1cbac27 -> 
  custom:video-decoder-webm-vp8: 9c59270c3fd7afecdb556c50c9e8de78 -> 
  custom:audio-decoder-ogg-vorbis: bf7c407c2cedff20999df2af8eb42d56 -> 
========================================================================
Received Import Request.
  Time since last request: 46611.829197 seconds.
  path: Assets/Prefab/text_jyang_ken.prefab
  artifactKey: Guid(23b693839e07f9142826e6a61a325b49) Importer(815301076,1909f56bfc062723c751e8b465ee728b)
Start importing Assets/Prefab/text_jyang_ken.prefab using Guid(23b693839e07f9142826e6a61a325b49) Importer(815301076,1909f56bfc062723c751e8b465ee728b)  -> (artifact id: '712b1d4b682db344eb29e11ee8fc04e8') in 0.128820 seconds 
========================================================================
Received Import Request.
  Time since last request: 0.000023 seconds.
  path: Assets/Prefab/BoardYou.prefab
  artifactKey: Guid(40f961a6dcea5b44ba0610ee2a38e668) Importer(815301076,1909f56bfc062723c751e8b465ee728b)
Start importing Assets/Prefab/BoardYou.prefab using Guid(40f961a6dcea5b44ba0610ee2a38e668) Importer(815301076,1909f56bfc062723c751e8b465ee728b)  -> (artifact id: 'c98c17484b2d9876beaab07471f1361f') in 0.013715 seconds 
========================================================================
Received Import Request.
  Time since last request: 0.000025 seconds.
  path: Assets/Model/daizuya_hair_col.tga
  artifactKey: Guid(7d0ba5af0b27265468a0e6885deb6581) Importer(815301076,1909f56bfc062723c751e8b465ee728b)
Start importing Assets/Model/daizuya_hair_col.tga using Guid(7d0ba5af0b27265468a0e6885deb6581) Importer(815301076,1909f56bfc062723c751e8b465ee728b)  -> (artifact id: '7700dfa1ab183ba0920f7dc72a8b30f9') in 0.023391 seconds 
========================================================================
Received Import Request.
  Time since last request: 0.000015 seconds.
  path: Assets/Sound/ddg_se_player04.wav
  artifactKey: Guid(1662b77b1ed91bf46a6b54b2fd805573) Importer(815301076,1909f56bfc062723c751e8b465ee728b)
Start importing Assets/Sound/ddg_se_player04.wav using Guid(1662b77b1ed91bf46a6b54b2fd805573) Importer(815301076,1909f56bfc062723c751e8b465ee728b)  -> (artifact id: '51acf122685ae49fb395163e6c797e6c') in 0.071379 seconds 
========================================================================
Received Import Request.
  Time since last request: 0.000016 seconds.
  path: Assets/Model/toufuya_anim_tataite_03.fbx
  artifactKey: Guid(3fe315128308e1046a8fcecd3e0f362a) Importer(815301076,1909f56bfc062723c751e8b465ee728b)
Start importing Assets/Model/toufuya_anim_tataite_03.fbx using Guid(3fe315128308e1046a8fcecd3e0f362a) Importer(815301076,1909f56bfc062723c751e8b465ee728b)  -> (artifact id: '6341909facbbc09712ec17496bfcc3eb') in 0.385856 seconds 
========================================================================
Received Import Request.
  Time since last request: 0.000019 seconds.
  path: Assets/Texture/bord_you.tga
  artifactKey: Guid(21813e53c9daac3408cac76dab79eefd) Importer(815301076,1909f56bfc062723c751e8b465ee728b)
Start importing Assets/Texture/bord_you.tga using Guid(21813e53c9daac3408cac76dab79eefd) Importer(815301076,1909f56bfc062723c751e8b465ee728b)  -> (artifact id: 'fbf22800c8565067e5b5849d6398b035') in 0.022202 seconds 
========================================================================
Received Import Request.
  Time since last request: 0.000024 seconds.
  path: Assets/Texture/num_col.tga
  artifactKey: Guid(52592029e9d837d449b82554572eb5bb) Importer(815301076,1909f56bfc062723c751e8b465ee728b)
Start importing Assets/Texture/num_col.tga using Guid(52592029e9d837d449b82554572eb5bb) Importer(815301076,1909f56bfc062723c751e8b465ee728b)  -> (artifact id: '256aaa8d44ea2cdec87ee2473b09b257') in 0.053385 seconds 
========================================================================
Received Import Request.
  Time since last request: 0.000013 seconds.
  path: Assets/Prefab/bord_winner.prefab
  artifactKey: Guid(222d2b379e99ac143a0f93eaa94a5bea) Importer(815301076,1909f56bfc062723c751e8b465ee728b)
Start importing Assets/Prefab/bord_winner.prefab using Guid(222d2b379e99ac143a0f93eaa94a5bea) Importer(815301076,1909f56bfc062723c751e8b465ee728b)  -> (artifact id: 'e18ec8322e19567bbef8650c4c246030') in 0.013123 seconds 
========================================================================
Received Import Request.
  Time since last request: 0.000018 seconds.
  path: Assets/Prefab/kurukuru01.prefab
  artifactKey: Guid(cf244f4bf952ef0488c16390609eded7) Importer(815301076,1909f56bfc062723c751e8b465ee728b)
Start importing Assets/Prefab/kurukuru01.prefab using Guid(cf244f4bf952ef0488c16390609eded7) Importer(815301076,1909f56bfc062723c751e8b465ee728b)  -> (artifact id: '32cf5b48d7bb720b206362fd09b51572') in 0.103344 seconds 
========================================================================
Received Import Request.
  Time since last request: 0.000019 seconds.
  path: Assets/Sound/tkj_se03.wav
  artifactKey: Guid(84f77cc8dcba039438bf3c11f22f3c5c) Importer(815301076,1909f56bfc062723c751e8b465ee728b)
Start importing Assets/Sound/tkj_se03.wav using Guid(84f77cc8dcba039438bf3c11f22f3c5c) Importer(815301076,1909f56bfc062723c751e8b465ee728b)  -> (artifact id: '8570469d43c0adc67eca9b32dfed9150') in 0.011108 seconds 
========================================================================
Received Import Request.
  Time since last request: 0.000015 seconds.
  path: Assets/Texture/num_w.tga
  artifactKey: Guid(1890729d39e503f4a8063b971ded375d) Importer(815301076,1909f56bfc062723c751e8b465ee728b)
Start importing Assets/Texture/num_w.tga using Guid(1890729d39e503f4a8063b971ded375d) Importer(815301076,1909f56bfc062723c751e8b465ee728b)  -> (artifact id: 'be6235230ffd02e720ede33d0d7877be') in 0.012648 seconds 
========================================================================
Received Import Request.
  Time since last request: 0.000021 seconds.
  path: Assets/Prefab/bord_looser.prefab
  artifactKey: Guid(c86b5fd3e454b2843a5c46efb09f9cf1) Importer(815301076,1909f56bfc062723c751e8b465ee728b)
Start importing Assets/Prefab/bord_looser.prefab using Guid(c86b5fd3e454b2843a5c46efb09f9cf1) Importer(815301076,1909f56bfc062723c751e8b465ee728b)  -> (artifact id: '10fe5f8c7ac6a4e2fe27fbedd334fa92') in 0.011142 seconds 
========================================================================
Received Import Request.
  Time since last request: 0.000021 seconds.
  path: Assets/Texture/jyang_ken_att.tga
  artifactKey: Guid(488531e644bfa4e4a82cf1f6527f6790) Importer(815301076,1909f56bfc062723c751e8b465ee728b)
Start importing Assets/Texture/jyang_ken_att.tga using Guid(488531e644bfa4e4a82cf1f6527f6790) Importer(815301076,1909f56bfc062723c751e8b465ee728b)  -> (artifact id: '749b37fe6c7511d7dd372f7f6eaa3b5f') in 0.017644 seconds 
========================================================================
Received Import Request.
  Time since last request: 0.000015 seconds.
  path: Assets/Effect/sweat_01.mat
  artifactKey: Guid(dd33c175ab35d01449bade7ea69e9c4b) Importer(815301076,1909f56bfc062723c751e8b465ee728b)
Start importing Assets/Effect/sweat_01.mat using Guid(dd33c175ab35d01449bade7ea69e9c4b) Importer(815301076,1909f56bfc062723c751e8b465ee728b)  -> (artifact id: 'd89a15b592a29c6f4221881ff585904e') in 0.047612 seconds 
========================================================================
Received Import Request.
  Time since last request: 0.000033 seconds.
  path: Assets/Sound/tkj_se01.wav
  artifactKey: Guid(bedbebaacd2dd114bb8d6b627481abfc) Importer(815301076,1909f56bfc062723c751e8b465ee728b)
Start importing Assets/Sound/tkj_se01.wav using Guid(bedbebaacd2dd114bb8d6b627481abfc) Importer(815301076,1909f56bfc062723c751e8b465ee728b)  -> (artifact id: 'b2277c27d811f767e5e2dde687a17aa9') in 0.011941 seconds 
========================================================================
Received Import Request.
  Time since last request: 0.000016 seconds.
  path: Assets/Texture/jyang_ken_gu.tga
  artifactKey: Guid(d45cba381a516e247a8b56fb60ca1997) Importer(815301076,1909f56bfc062723c751e8b465ee728b)
Start importing Assets/Texture/jyang_ken_gu.tga using Guid(d45cba381a516e247a8b56fb60ca1997) Importer(815301076,1909f56bfc062723c751e8b465ee728b)  -> (artifact id: '9ada35057d449c90bc231737ccd35bd6') in 0.018024 seconds 
========================================================================
Received Import Request.
  Time since last request: 0.000014 seconds.
  path: Assets/Sound/tkj_bgm01.wav
  artifactKey: Guid(2e0cc5d1ce799c247a240bbdd7c2d3b6) Importer(815301076,1909f56bfc062723c751e8b465ee728b)
Start importing Assets/Sound/tkj_bgm01.wav using Guid(2e0cc5d1ce799c247a240bbdd7c2d3b6) Importer(815301076,1909f56bfc062723c751e8b465ee728b)  -> (artifact id: '8db4df6dfc0194543e7ea005dec95340') in 0.012407 seconds 
========================================================================
Received Import Request.
  Time since last request: 0.000014 seconds.
  path: Assets/Sound/tkj_se04.wav
  artifactKey: Guid(8b59d2ca9d4fa5b4baf7c32309e434b0) Importer(815301076,1909f56bfc062723c751e8b465ee728b)
Start importing Assets/Sound/tkj_se04.wav using Guid(8b59d2ca9d4fa5b4baf7c32309e434b0) Importer(815301076,1909f56bfc062723c751e8b465ee728b)  -> (artifact id: 'e9b057ebc1b6f08a2bf3f8dbe1fc3d47') in 0.010271 seconds 
========================================================================
Received Import Request.
  Time since last request: 0.000016 seconds.
  path: Assets/Model/daizuya_happi_col.tga
  artifactKey: Guid(8fcb4b3c093e50f4c9168ce135967a53) Importer(815301076,1909f56bfc062723c751e8b465ee728b)
Start importing Assets/Model/daizuya_happi_col.tga using Guid(8fcb4b3c093e50f4c9168ce135967a53) Importer(815301076,1909f56bfc062723c751e8b465ee728b)  -> (artifact id: '53a479519f5186773a0ed8c765ad5421') in 0.010352 seconds 
========================================================================
Received Import Request.
  Time since last request: 0.000015 seconds.
  path: Assets/Model/kanban_col 1.tga
  artifactKey: Guid(e5f8ac9720e64e84794a7cfe49dcb19d) Importer(815301076,1909f56bfc062723c751e8b465ee728b)
Start importing Assets/Model/kanban_col 1.tga using Guid(e5f8ac9720e64e84794a7cfe49dcb19d) Importer(815301076,1909f56bfc062723c751e8b465ee728b)  -> (artifact id: '2f7fb5fa524c45e8118e13e4c2f8fe13') in 0.010628 seconds 
========================================================================
Received Import Request.
  Time since last request: 0.000015 seconds.
  path: Assets/Model/kanban_col.tga
  artifactKey: Guid(92d32510fb8668e4080edd4a029043a6) Importer(815301076,1909f56bfc062723c751e8b465ee728b)
Start importing Assets/Model/kanban_col.tga using Guid(92d32510fb8668e4080edd4a029043a6) Importer(815301076,1909f56bfc062723c751e8b465ee728b)  -> (artifact id: 'ed2a83180b428c4bbd56ea7ff743dc2c') in 0.011560 seconds 
========================================================================
Received Import Request.
  Time since last request: 0.000015 seconds.
  path: Assets/Prefab/SelectedRPSPanel.prefab
  artifactKey: Guid(482beeac54807924f81ab6276bff5a22) Importer(815301076,1909f56bfc062723c751e8b465ee728b)
Start importing Assets/Prefab/SelectedRPSPanel.prefab using Guid(482beeac54807924f81ab6276bff5a22) Importer(815301076,1909f56bfc062723c751e8b465ee728b)  -> (artifact id: 'c7b1c2ea2c6bf7d7133478fe67961da1') in 0.010008 seconds 
========================================================================
Received Prepare
Platform WindowsStandaloneSupport does not support graphics device type 
Registering precompiled user dll's ...
Registered in 0.005765 seconds.
Begin MonoManager ReloadAssembly
Symbol file LoadedFromMemory doesn't match image E:\Unity\UnityGameNet\RockPaperScissors\Library\PackageCache\com.unity.visualscripting@1.8.0\Editor\VisualScripting.Core\Dependencies\YamlDotNet\Unity.VisualScripting.YamlDotNet.dll
Symbol file LoadedFromMemory doesn't match image E:\Unity\UnityGameNet\RockPaperScissors\Library\PackageCache\com.unity.visualscripting@1.8.0\Editor\VisualScripting.Core\Dependencies\DotNetZip\Unity.VisualScripting.IonicZip.dll
Native extension for WindowsStandalone target not found
Refreshing native plugins compatible for Editor in 0.46 ms, found 3 plugins.
Preloading 0 native plugins for Editor in 0.00 ms.
Mono: successfully reloaded assembly
- Completed reload, in  0.808 seconds
Domain Reload Profiling:
	ReloadAssembly (809ms)
		BeginReloadAssembly (152ms)
			ExecutionOrderSort (0ms)
			DisableScriptedObjects (3ms)
			BackupInstance (0ms)
			ReleaseScriptingObjects (0ms)
			CreateAndSetChildDomain (34ms)
		EndReloadAssembly (568ms)
			LoadAssemblies (109ms)
			RebuildTransferFunctionScriptingTraits (0ms)
			SetupTypeCache (163ms)
			ReleaseScriptCaches (2ms)
			RebuildScriptCaches (41ms)
			SetupLoadedEditorAssemblies (247ms)
				LogAssemblyErrors (0ms)
				InitializePlatformSupportModulesInManaged (6ms)
				SetLoadedEditorAssemblies (0ms)
				RefreshPlugins (1ms)
				BeforeProcessingInitializeOnLoad (64ms)
				ProcessInitializeOnLoadAttributes (145ms)
				ProcessInitializeOnLoadMethodAttributes (17ms)
				AfterProcessingInitializeOnLoad (14ms)
				EditorAssembliesLoaded (0ms)
			ExecutionOrderSort2 (0ms)
			AwakeInstancesAfterBackupRestoration (11ms)
Platform modules already initialized, skipping
Refreshing native plugins compatible for Editor in 1.85 ms, found 3 plugins.
Preloading 0 native plugins for Editor in 0.00 ms.
Unloading 2936 Unused Serialized files (Serialized files now loaded: 0)
Unloading 14 unused Assets / (22.0 KB). Loaded Objects now: 3467.
Memory consumption went from 108.6 MB to 108.6 MB.
Total: 2.905800 ms (FindLiveObjects: 0.207600 ms CreateObjectMapping: 0.083400 ms MarkObjects: 2.596900 ms  DeleteObjects: 0.017100 ms)

AssetImportParameters requested are different than current active one (requested -> active):
  custom:video-decoder-ogg-theora: a1e56fd34408186e4bbccfd4996cb3dc -> 
  custom:container-muxer-webm: aa71ff27fc2769a1b78a27578f13a17b -> 
  custom:container-demuxer-webm: 4f35f7cbe854078d1ac9338744f61a02 -> 
  custom:video-encoder-webm-vp8: eb34c28f22e8b96e1ab97ce403110664 -> 
  custom:CustomObjectIndexerAttribute: bc11b3a6c3213fcdd17b65e7da85e133 -> 
  custom:audio-encoder-webm-vorbis: bf7c407c2cedff20999df2af8eb42d56 -> 
  custom:framework-win-MediaFoundation: 216162199b28c13a410421893ffa2e32 -> 
  custom:container-demuxer-ogg: 62fdf1f143b41e24485cea50d1cbac27 -> 
  custom:video-decoder-webm-vp8: 9c59270c3fd7afecdb556c50c9e8de78 -> 
  custom:audio-decoder-ogg-vorbis: bf7c407c2cedff20999df2af8eb42d56 -> 
========================================================================
Received Import Request.
  Time since last request: 29.547306 seconds.
  path: Assets/RockPaperScissors.unity
  artifactKey: Guid(bac94f6cf14b7d94e920e3df7acfdfb6) Importer(815301076,1909f56bfc062723c751e8b465ee728b)
Start importing Assets/RockPaperScissors.unity using Guid(bac94f6cf14b7d94e920e3df7acfdfb6) Importer(815301076,1909f56bfc062723c751e8b465ee728b)  -> (artifact id: '9cdedf3376e0438f6e3e544536b32cfd') in 0.014074 seconds 
========================================================================
Received Prepare
Platform WindowsStandaloneSupport does not support graphics device type 
Registering precompiled user dll's ...
Registered in 0.005463 seconds.
Begin MonoManager ReloadAssembly
Symbol file LoadedFromMemory doesn't match image E:\Unity\UnityGameNet\RockPaperScissors\Library\PackageCache\com.unity.visualscripting@1.8.0\Editor\VisualScripting.Core\Dependencies\YamlDotNet\Unity.VisualScripting.YamlDotNet.dll
Symbol file LoadedFromMemory doesn't match image E:\Unity\UnityGameNet\RockPaperScissors\Library\PackageCache\com.unity.visualscripting@1.8.0\Editor\VisualScripting.Core\Dependencies\DotNetZip\Unity.VisualScripting.IonicZip.dll
Native extension for WindowsStandalone target not found
Refreshing native plugins compatible for Editor in 0.44 ms, found 3 plugins.
Preloading 0 native plugins for Editor in 0.00 ms.
Mono: successfully reloaded assembly
- Completed reload, in  0.830 seconds
Domain Reload Profiling:
	ReloadAssembly (831ms)
		BeginReloadAssembly (147ms)
			ExecutionOrderSort (0ms)
			DisableScriptedObjects (5ms)
			BackupInstance (0ms)
			ReleaseScriptingObjects (0ms)
			CreateAndSetChildDomain (28ms)
		EndReloadAssembly (592ms)
			LoadAssemblies (106ms)
			RebuildTransferFunctionScriptingTraits (0ms)
			SetupTypeCache (165ms)
			ReleaseScriptCaches (2ms)
			RebuildScriptCaches (40ms)
			SetupLoadedEditorAssemblies (269ms)
				LogAssemblyErrors (0ms)
				InitializePlatformSupportModulesInManaged (7ms)
				SetLoadedEditorAssemblies (0ms)
				RefreshPlugins (0ms)
				BeforeProcessingInitializeOnLoad (77ms)
				ProcessInitializeOnLoadAttributes (154ms)
				ProcessInitializeOnLoadMethodAttributes (16ms)
				AfterProcessingInitializeOnLoad (14ms)
				EditorAssembliesLoaded (0ms)
			ExecutionOrderSort2 (0ms)
			AwakeInstancesAfterBackupRestoration (12ms)
Platform modules already initialized, skipping
Refreshing native plugins compatible for Editor in 1.81 ms, found 3 plugins.
Preloading 0 native plugins for Editor in 0.00 ms.
Unloading 2936 Unused Serialized files (Serialized files now loaded: 0)
Unloading 14 unused Assets / (22.0 KB). Loaded Objects now: 3470.
Memory consumption went from 108.6 MB to 108.6 MB.
Total: 2.157800 ms (FindLiveObjects: 0.194900 ms CreateObjectMapping: 0.089800 ms MarkObjects: 1.856200 ms  DeleteObjects: 0.016300 ms)

AssetImportParameters requested are different than current active one (requested -> active):
  custom:video-decoder-ogg-theora: a1e56fd34408186e4bbccfd4996cb3dc -> 
  custom:container-muxer-webm: aa71ff27fc2769a1b78a27578f13a17b -> 
  custom:container-demuxer-webm: 4f35f7cbe854078d1ac9338744f61a02 -> 
  custom:video-encoder-webm-vp8: eb34c28f22e8b96e1ab97ce403110664 -> 
  custom:CustomObjectIndexerAttribute: bc11b3a6c3213fcdd17b65e7da85e133 -> 
  custom:audio-encoder-webm-vorbis: bf7c407c2cedff20999df2af8eb42d56 -> 
  custom:framework-win-MediaFoundation: 216162199b28c13a410421893ffa2e32 -> 
  custom:container-demuxer-ogg: 62fdf1f143b41e24485cea50d1cbac27 -> 
  custom:video-decoder-webm-vp8: 9c59270c3fd7afecdb556c50c9e8de78 -> 
  custom:audio-decoder-ogg-vorbis: bf7c407c2cedff20999df2af8eb42d56 -> 
========================================================================
Received Import Request.
  Time since last request: 149.685806 seconds.
  path: Assets/Script
  artifactKey: Guid(e6fff8a4c614d664c89cddf3180fa60b) Importer(815301076,1909f56bfc062723c751e8b465ee728b)
Start importing Assets/Script using Guid(e6fff8a4c614d664c89cddf3180fa60b) Importer(815301076,1909f56bfc062723c751e8b465ee728b)  -> (artifact id: 'e2bccb583ef000f30aef2ce641ce8312') in 0.014845 seconds 
========================================================================
Received Import Request.
  Time since last request: 1116.107094 seconds.
  path: Assets/Script/ActionController.cs
  artifactKey: Guid(18e05120e6e085f4c8e12e35f086c046) Importer(815301076,1909f56bfc062723c751e8b465ee728b)
Start importing Assets/Script/ActionController.cs using Guid(18e05120e6e085f4c8e12e35f086c046) Importer(815301076,1909f56bfc062723c751e8b465ee728b)  -> (artifact id: '6affbe1f18ccc4e073a331c170f798a1') in 0.009996 seconds 
========================================================================
Received Import Request.
  Time since last request: 3.288432 seconds.
  path: Assets/Script/AsciiCharacter.cs
  artifactKey: Guid(f509a8d63e1347d43a5eea9d1f389812) Importer(815301076,1909f56bfc062723c751e8b465ee728b)
Start importing Assets/Script/AsciiCharacter.cs using Guid(f509a8d63e1347d43a5eea9d1f389812) Importer(815301076,1909f56bfc062723c751e8b465ee728b)  -> (artifact id: '0509931354c227aaca4c7bc676f70a66') in 0.010289 seconds 
========================================================================
Received Import Request.
  Time since last request: 3.580521 seconds.
  path: Assets/Script/RPSSelector.cs
  artifactKey: Guid(a8e1401444ae7804b99531490a466be6) Importer(815301076,1909f56bfc062723c751e8b465ee728b)
Start importing Assets/Script/RPSSelector.cs using Guid(a8e1401444ae7804b99531490a466be6) Importer(815301076,1909f56bfc062723c751e8b465ee728b)  -> (artifact id: '3a36df980d10dca542fb7074abcf458b') in 0.002466 seconds 
========================================================================
Received Import Request.
  Time since last request: 3.030094 seconds.
  path: Assets/Script/RPSSpriteChanger.cs
  artifactKey: Guid(5dfed38a8b57e4247a5a18a14530510d) Importer(815301076,1909f56bfc062723c751e8b465ee728b)
Start importing Assets/Script/RPSSpriteChanger.cs using Guid(5dfed38a8b57e4247a5a18a14530510d) Importer(815301076,1909f56bfc062723c751e8b465ee728b)  -> (artifact id: '5ea75cc9204656f39574ff89d6517e78') in 0.013062 seconds 
========================================================================
Received Import Request.
  Time since last request: 2.436949 seconds.
  path: Assets/Script/Score.cs
  artifactKey: Guid(3efdb03d2ec86d942904e6876cdafb89) Importer(815301076,1909f56bfc062723c751e8b465ee728b)
Start importing Assets/Script/Score.cs using Guid(3efdb03d2ec86d942904e6876cdafb89) Importer(815301076,1909f56bfc062723c751e8b465ee728b)  -> (artifact id: '823d9e135f66cb144160a008460fd2f0') in 0.002505 seconds 
========================================================================
Received Import Request.
  Time since last request: 3.069107 seconds.
  path: Assets/Script/ShootCall.cs
  artifactKey: Guid(af4aab896d9a56c4c8338836a60118ce) Importer(815301076,1909f56bfc062723c751e8b465ee728b)
Start importing Assets/Script/ShootCall.cs using Guid(af4aab896d9a56c4c8338836a60118ce) Importer(815301076,1909f56bfc062723c751e8b465ee728b)  -> (artifact id: 'a306886f883e9278c77335d656cf61ed') in 0.002207 seconds 
========================================================================
Received Import Request.
  Time since last request: 3.284920 seconds.
  path: Assets/Script/Timer.cs
  artifactKey: Guid(467ff946710eb444fbc431d3d1566b7d) Importer(815301076,1909f56bfc062723c751e8b465ee728b)
Start importing Assets/Script/Timer.cs using Guid(467ff946710eb444fbc431d3d1566b7d) Importer(815301076,1909f56bfc062723c751e8b465ee728b)  -> (artifact id: 'df62e18a08ed7f615f2142859feb385c') in 0.009130 seconds 
========================================================================
Received Import Request.
  Time since last request: 2.445500 seconds.
  path: Assets/Script/TransportTCP.cs
  artifactKey: Guid(ba1662902d421b54a8811b73ad2b63ca) Importer(815301076,1909f56bfc062723c751e8b465ee728b)
Start importing Assets/Script/TransportTCP.cs using Guid(ba1662902d421b54a8811b73ad2b63ca) Importer(815301076,1909f56bfc062723c751e8b465ee728b)  -> (artifact id: '40acfe22b361cd17cd72e6043af983b9') in 0.008688 seconds 
========================================================================
Received Import Request.
  Time since last request: 1.178678 seconds.
  path: Assets/Script/Damage.cs
  artifactKey: Guid(afef038c99127a941ba72997df9a6280) Importer(815301076,1909f56bfc062723c751e8b465ee728b)
Start importing Assets/Script/Damage.cs using Guid(afef038c99127a941ba72997df9a6280) Importer(815301076,1909f56bfc062723c751e8b465ee728b)  -> (artifact id: 'a1f32b0f40c8393004a75ecf7c8376f6') in 0.009096 seconds 
========================================================================
Received Import Request.
  Time since last request: 2.153365 seconds.
  path: Assets/Script/HeavyDamage.cs
  artifactKey: Guid(9bc6621de061d724abc580b63aeae644) Importer(815301076,1909f56bfc062723c751e8b465ee728b)
Start importing Assets/Script/HeavyDamage.cs using Guid(9bc6621de061d724abc580b63aeae644) Importer(815301076,1909f56bfc062723c751e8b465ee728b)  -> (artifact id: '4408131a452c303444340ef2018f6ade') in 0.009297 seconds 
========================================================================
Received Import Request.
  Time since last request: 217.744646 seconds.
  path: Assets/Script/InputData.cs
  artifactKey: Guid(a4075666c5c11a141914c7e48018b1bf) Importer(815301076,1909f56bfc062723c751e8b465ee728b)
Start importing Assets/Script/InputData.cs using Guid(a4075666c5c11a141914c7e48018b1bf) Importer(815301076,1909f56bfc062723c751e8b465ee728b)  -> (artifact id: '182c18323c3a1b482cf582fe65616f2d') in 0.008542 seconds 
========================================================================
Received Import Request.
  Time since last request: 6.185429 seconds.
  path: Assets/Script/Player.cs
  artifactKey: Guid(d2b4bcd00c679184c955896ec8f2c69d) Importer(815301076,1909f56bfc062723c751e8b465ee728b)
Start importing Assets/Script/Player.cs using Guid(d2b4bcd00c679184c955896ec8f2c69d) Importer(815301076,1909f56bfc062723c751e8b465ee728b)  -> (artifact id: 'f919bc01c46c86bdab00ffcddc694dc4') in 0.009055 seconds 
========================================================================
Received Import Request.
  Time since last request: 5.448078 seconds.
  path: Assets/Script/RockPaperScissors.cs
  artifactKey: Guid(bfccc6bf4926f0044a766d941cbdfbe0) Importer(815301076,1909f56bfc062723c751e8b465ee728b)
Start importing Assets/Script/RockPaperScissors.cs using Guid(bfccc6bf4926f0044a766d941cbdfbe0) Importer(815301076,1909f56bfc062723c751e8b465ee728b)  -> (artifact id: '6ad6c6f7a0c805803d0ae94ff2d70cac') in 0.009082 seconds 
========================================================================
Received Import Request.
  Time since last request: 1358.418102 seconds.
  path: Assets/Script/NetworkDef.cs
  artifactKey: Guid(bbe09d05cd779914da5de59b5c3a17f7) Importer(815301076,1909f56bfc062723c751e8b465ee728b)
Start importing Assets/Script/NetworkDef.cs using Guid(bbe09d05cd779914da5de59b5c3a17f7) Importer(815301076,1909f56bfc062723c751e8b465ee728b)  -> (artifact id: '545b6100b3025a125f7aaf71bd96e453') in 0.009561 seconds 
========================================================================
Received Import Request.
  Time since last request: 0.411392 seconds.
  path: Assets/Script/NetworkController.cs
  artifactKey: Guid(fe73186347fc06b49a058982f1486d35) Importer(815301076,1909f56bfc062723c751e8b465ee728b)
Start importing Assets/Script/NetworkController.cs using Guid(fe73186347fc06b49a058982f1486d35) Importer(815301076,1909f56bfc062723c751e8b465ee728b)  -> (artifact id: 'ab0e92ab82d20092f03e34880e04c8d7') in 0.009157 seconds 
========================================================================
Received Import Request.
  Time since last request: 247.782174 seconds.
  path: Assets/Script/BGM.cs
  artifactKey: Guid(3ad6bf68b8ade04439f633e9d2756512) Importer(815301076,1909f56bfc062723c751e8b465ee728b)
Start importing Assets/Script/BGM.cs using Guid(3ad6bf68b8ade04439f633e9d2756512) Importer(815301076,1909f56bfc062723c751e8b465ee728b)  -> (artifact id: '27327b532afc1ba65250297ad2ea8314') in 0.009777 seconds 
========================================================================
Received Import Request.
  Time since last request: 0.570765 seconds.
  path: Assets/Script/BoardYou.cs
  artifactKey: Guid(8582a65d8cbc2da47a28d8e9da9d473b) Importer(815301076,1909f56bfc062723c751e8b465ee728b)
Start importing Assets/Script/BoardYou.cs using Guid(8582a65d8cbc2da47a28d8e9da9d473b) Importer(815301076,1909f56bfc062723c751e8b465ee728b)  -> (artifact id: '3a2b5689e247b5082c8d1a32c92c8315') in 0.002109 seconds 
========================================================================
Received Prepare
Platform WindowsStandaloneSupport does not support graphics device type 
Registering precompiled user dll's ...
Registered in 0.005532 seconds.
Begin MonoManager ReloadAssembly
Symbol file LoadedFromMemory doesn't match image E:\Unity\UnityGameNet\RockPaperScissors\Library\PackageCache\com.unity.visualscripting@1.8.0\Editor\VisualScripting.Core\Dependencies\YamlDotNet\Unity.VisualScripting.YamlDotNet.dll
Symbol file LoadedFromMemory doesn't match image E:\Unity\UnityGameNet\RockPaperScissors\Library\PackageCache\com.unity.visualscripting@1.8.0\Editor\VisualScripting.Core\Dependencies\DotNetZip\Unity.VisualScripting.IonicZip.dll
Native extension for WindowsStandalone target not found
Refreshing native plugins compatible for Editor in 0.76 ms, found 3 plugins.
Preloading 0 native plugins for Editor in 0.00 ms.
Mono: successfully reloaded assembly
- Completed reload, in  0.974 seconds
Domain Reload Profiling:
	ReloadAssembly (975ms)
		BeginReloadAssembly (160ms)
			ExecutionOrderSort (0ms)
			DisableScriptedObjects (6ms)
			BackupInstance (0ms)
			ReleaseScriptingObjects (0ms)
			CreateAndSetChildDomain (32ms)
		EndReloadAssembly (710ms)
			LoadAssemblies (113ms)
			RebuildTransferFunctionScriptingTraits (0ms)
			SetupTypeCache (196ms)
			ReleaseScriptCaches (2ms)
			RebuildScriptCaches (53ms)
			SetupLoadedEditorAssemblies (321ms)
				LogAssemblyErrors (0ms)
				InitializePlatformSupportModulesInManaged (7ms)
				SetLoadedEditorAssemblies (0ms)
				RefreshPlugins (1ms)
				BeforeProcessingInitializeOnLoad (92ms)
				ProcessInitializeOnLoadAttributes (182ms)
				ProcessInitializeOnLoadMethodAttributes (22ms)
				AfterProcessingInitializeOnLoad (17ms)
				EditorAssembliesLoaded (0ms)
			ExecutionOrderSort2 (0ms)
			AwakeInstancesAfterBackupRestoration (15ms)
Platform modules already initialized, skipping
Refreshing native plugins compatible for Editor in 2.11 ms, found 3 plugins.
Preloading 0 native plugins for Editor in 0.00 ms.
Unloading 2936 Unused Serialized files (Serialized files now loaded: 0)
Unloading 14 unused Assets / (21.9 KB). Loaded Objects now: 3473.
Memory consumption went from 108.6 MB to 108.6 MB.
Total: 2.715000 ms (FindLiveObjects: 0.337000 ms CreateObjectMapping: 0.107600 ms MarkObjects: 2.246400 ms  DeleteObjects: 0.022400 ms)

AssetImportParameters requested are different than current active one (requested -> active):
  custom:video-decoder-ogg-theora: a1e56fd34408186e4bbccfd4996cb3dc -> 
  custom:container-muxer-webm: aa71ff27fc2769a1b78a27578f13a17b -> 
  custom:container-demuxer-webm: 4f35f7cbe854078d1ac9338744f61a02 -> 
  custom:video-encoder-webm-vp8: eb34c28f22e8b96e1ab97ce403110664 -> 
  custom:CustomObjectIndexerAttribute: bc11b3a6c3213fcdd17b65e7da85e133 -> 
  custom:audio-encoder-webm-vorbis: bf7c407c2cedff20999df2af8eb42d56 -> 
  custom:framework-win-MediaFoundation: 216162199b28c13a410421893ffa2e32 -> 
  custom:container-demuxer-ogg: 62fdf1f143b41e24485cea50d1cbac27 -> 
  custom:video-decoder-webm-vp8: 9c59270c3fd7afecdb556c50c9e8de78 -> 
  custom:audio-decoder-ogg-vorbis: bf7c407c2cedff20999df2af8eb42d56 -> 
========================================================================
Received Import Request.
  Time since last request: 11803.531316 seconds.
  path: Assets/Script/BattlePanel.cs
  artifactKey: Guid(3c3d3215c6d665341b300c864fa21bee) Importer(815301076,1909f56bfc062723c751e8b465ee728b)
Start importing Assets/Script/BattlePanel.cs using Guid(3c3d3215c6d665341b300c864fa21bee) Importer(815301076,1909f56bfc062723c751e8b465ee728b)  -> (artifact id: '3c0f32f0eb425570d3eefba62e8ce4aa') in 0.015745 seconds 
========================================================================
Received Import Request.
  Time since last request: 2.020726 seconds.
  path: Assets/Script/BattleSelect.cs
  artifactKey: Guid(caacf2d550c617f4893f282d30c28d78) Importer(815301076,1909f56bfc062723c751e8b465ee728b)
Start importing Assets/Script/BattleSelect.cs using Guid(caacf2d550c617f4893f282d30c28d78) Importer(815301076,1909f56bfc062723c751e8b465ee728b)  -> (artifact id: 'c0de30b0c922dc22c138268934c3070a') in 0.012295 seconds 
========================================================================
Received Prepare
Platform WindowsStandaloneSupport does not support graphics device type 
Registering precompiled user dll's ...
Registered in 0.005464 seconds.
